{"/home/travis/build/npmtest/node-npmtest-tio2/test.js":{"path":"/home/travis/build/npmtest/node-npmtest-tio2/test.js","s":{"1":2,"2":2,"3":2,"4":2,"5":2,"6":2,"7":2,"8":1,"9":2,"10":2,"11":1,"12":1,"13":1,"14":1,"15":2,"16":2,"17":2,"18":2,"19":1,"20":1,"21":2,"22":2,"23":2,"24":1,"25":1,"26":1,"27":1,"28":1,"29":1,"30":1,"31":1,"32":1,"33":1,"34":1,"35":1,"36":1,"37":1,"38":1,"39":2,"40":2,"41":1,"42":2,"43":2,"44":1,"45":2,"46":2,"47":1,"48":2,"49":2,"50":1,"51":1,"52":1,"53":1,"54":1},"b":{"1":[2,1,1,1],"2":[1,1,1,1],"3":[1,1],"4":[1,1],"5":[1,1],"6":[1,1],"7":[1,1],"8":[1,1],"9":[1,1],"10":[1,1,1],"11":[1,1],"12":[1,1],"13":[1,1],"14":[1,1],"15":[1,1],"16":[1,1],"17":[1,1]},"f":{"1":2,"2":2,"3":2,"4":2,"5":2,"6":1,"7":1,"8":1,"9":2,"10":2,"11":2,"12":2,"13":1},"fnMap":{"1":{"name":"(anonymous_1)","line":12,"loc":{"start":{"line":12,"column":1},"end":{"line":12,"column":13}}},"2":{"name":"(anonymous_2)","line":19,"loc":{"start":{"line":19,"column":5},"end":{"line":19,"column":17}}},"3":{"name":"(anonymous_3)","line":23,"loc":{"start":{"line":23,"column":24},"end":{"line":23,"column":36}}},"4":{"name":"(anonymous_4)","line":61,"loc":{"start":{"line":61,"column":5},"end":{"line":61,"column":17}}},"5":{"name":"(anonymous_5)","line":82,"loc":{"start":{"line":82,"column":5},"end":{"line":82,"column":17}}},"6":{"name":"(anonymous_6)","line":91,"loc":{"start":{"line":91,"column":77},"end":{"line":94,"column":10}}},"7":{"name":"(anonymous_7)","line":112,"loc":{"start":{"line":112,"column":83},"end":{"line":115,"column":10}},"skip":true},"8":{"name":"(anonymous_8)","line":123,"loc":{"start":{"line":123,"column":77},"end":{"line":126,"column":10}},"skip":true},"9":{"name":"(anonymous_9)","line":139,"loc":{"start":{"line":139,"column":12},"end":{"line":139,"column":40}},"skip":true},"10":{"name":"(anonymous_10)","line":147,"loc":{"start":{"line":147,"column":77},"end":{"line":150,"column":10}},"skip":true},"11":{"name":"(anonymous_11)","line":158,"loc":{"start":{"line":158,"column":83},"end":{"line":161,"column":10}},"skip":true},"12":{"name":"(anonymous_12)","line":169,"loc":{"start":{"line":169,"column":79},"end":{"line":172,"column":10}},"skip":true},"13":{"name":"(anonymous_13)","line":180,"loc":{"start":{"line":180,"column":75},"end":{"line":183,"column":10}},"skip":true}},"statementMap":{"1":{"start":{"line":12,"column":0},"end":{"line":195,"column":5}},"2":{"start":{"line":14,"column":4},"end":{"line":14,"column":14}},"3":{"start":{"line":19,"column":4},"end":{"line":56,"column":9}},"4":{"start":{"line":21,"column":8},"end":{"line":21,"column":19}},"5":{"start":{"line":23,"column":8},"end":{"line":35,"column":13}},"6":{"start":{"line":24,"column":12},"end":{"line":34,"column":13}},"7":{"start":{"line":25,"column":16},"end":{"line":28,"column":30}},"8":{"start":{"line":30,"column":16},"end":{"line":33,"column":27}},"9":{"start":{"line":37,"column":8},"end":{"line":39,"column":21}},"10":{"start":{"line":40,"column":8},"end":{"line":53,"column":9}},"11":{"start":{"line":43,"column":12},"end":{"line":46,"column":14}},"12":{"start":{"line":47,"column":12},"end":{"line":47,"column":18}},"13":{"start":{"line":50,"column":12},"end":{"line":51,"column":33}},"14":{"start":{"line":52,"column":12},"end":{"line":52,"column":18}},"15":{"start":{"line":55,"column":8},"end":{"line":55,"column":35}},"16":{"start":{"line":61,"column":4},"end":{"line":63,"column":9}},"17":{"start":{"line":62,"column":8},"end":{"line":62,"column":15}},"18":{"start":{"line":64,"column":4},"end":{"line":77,"column":5}},"19":{"start":{"line":70,"column":8},"end":{"line":70,"column":14}},"20":{"start":{"line":76,"column":8},"end":{"line":76,"column":14}},"21":{"start":{"line":82,"column":4},"end":{"line":84,"column":9}},"22":{"start":{"line":83,"column":8},"end":{"line":83,"column":15}},"23":{"start":{"line":85,"column":4},"end":{"line":194,"column":5}},"24":{"start":{"line":91,"column":8},"end":{"line":99,"column":10}},"25":{"start":{"line":98,"column":12},"end":{"line":98,"column":35}},"26":{"start":{"line":102,"column":8},"end":{"line":104,"column":63}},"27":{"start":{"line":105,"column":8},"end":{"line":105,"column":14}},"28":{"start":{"line":112,"column":8},"end":{"line":121,"column":10},"skip":true},"29":{"start":{"line":119,"column":12},"end":{"line":119,"column":55},"skip":true},"30":{"start":{"line":120,"column":12},"end":{"line":120,"column":48},"skip":true},"31":{"start":{"line":123,"column":8},"end":{"line":136,"column":10},"skip":true},"32":{"start":{"line":130,"column":12},"end":{"line":130,"column":76},"skip":true},"33":{"start":{"line":131,"column":12},"end":{"line":131,"column":73},"skip":true},"34":{"start":{"line":132,"column":12},"end":{"line":132,"column":74},"skip":true},"35":{"start":{"line":133,"column":12},"end":{"line":133,"column":79},"skip":true},"36":{"start":{"line":134,"column":12},"end":{"line":134,"column":25},"skip":true},"37":{"start":{"line":135,"column":12},"end":{"line":135,"column":45},"skip":true},"38":{"start":{"line":138,"column":8},"end":{"line":145,"column":14},"skip":true},"39":{"start":{"line":143,"column":16},"end":{"line":143,"column":29},"skip":true},"40":{"start":{"line":144,"column":16},"end":{"line":144,"column":55},"skip":true},"41":{"start":{"line":147,"column":8},"end":{"line":156,"column":10},"skip":true},"42":{"start":{"line":154,"column":12},"end":{"line":154,"column":25},"skip":true},"43":{"start":{"line":155,"column":12},"end":{"line":155,"column":45},"skip":true},"44":{"start":{"line":158,"column":8},"end":{"line":167,"column":10},"skip":true},"45":{"start":{"line":165,"column":12},"end":{"line":165,"column":25},"skip":true},"46":{"start":{"line":166,"column":12},"end":{"line":166,"column":48},"skip":true},"47":{"start":{"line":169,"column":8},"end":{"line":178,"column":10},"skip":true},"48":{"start":{"line":176,"column":12},"end":{"line":176,"column":25},"skip":true},"49":{"start":{"line":177,"column":12},"end":{"line":177,"column":46},"skip":true},"50":{"start":{"line":180,"column":8},"end":{"line":189,"column":10},"skip":true},"51":{"start":{"line":187,"column":12},"end":{"line":187,"column":94},"skip":true},"52":{"start":{"line":188,"column":12},"end":{"line":188,"column":48},"skip":true},"53":{"start":{"line":192,"column":8},"end":{"line":192,"column":35},"skip":true},"54":{"start":{"line":193,"column":8},"end":{"line":193,"column":14},"skip":true}},"branchMap":{"1":{"line":25,"type":"binary-expr","locations":[{"start":{"line":25,"column":23},"end":{"line":25,"column":62}},{"start":{"line":26,"column":20},"end":{"line":26,"column":70}},{"start":{"line":27,"column":20},"end":{"line":27,"column":71}},{"start":{"line":28,"column":20},"end":{"line":28,"column":29}}]},"2":{"line":30,"type":"binary-expr","locations":[{"start":{"line":30,"column":23},"end":{"line":30,"column":37}},{"start":{"line":31,"column":20},"end":{"line":31,"column":61}},{"start":{"line":32,"column":20},"end":{"line":32,"column":70}},{"start":{"line":33,"column":20},"end":{"line":33,"column":26}}]},"3":{"line":37,"type":"cond-expr","locations":[{"start":{"line":38,"column":14},"end":{"line":38,"column":20}},{"start":{"line":39,"column":14},"end":{"line":39,"column":20}}]},"4":{"line":40,"type":"switch","locations":[{"start":{"line":42,"column":8},"end":{"line":47,"column":18}},{"start":{"line":49,"column":8},"end":{"line":52,"column":18}}]},"5":{"line":44,"type":"binary-expr","locations":[{"start":{"line":44,"column":16},"end":{"line":44,"column":44}},{"start":{"line":44,"column":48},"end":{"line":44,"column":66}}]},"6":{"line":50,"type":"binary-expr","locations":[{"start":{"line":50,"column":21},"end":{"line":50,"column":49}},{"start":{"line":50,"column":53},"end":{"line":50,"column":72}}]},"7":{"line":64,"type":"switch","locations":[{"start":{"line":69,"column":4},"end":{"line":70,"column":14}},{"start":{"line":75,"column":4},"end":{"line":76,"column":14}}]},"8":{"line":85,"type":"switch","locations":[{"start":{"line":90,"column":4},"end":{"line":105,"column":14}},{"start":{"line":111,"column":4},"end":{"line":193,"column":14},"skip":true}]},"9":{"line":91,"type":"binary-expr","locations":[{"start":{"line":91,"column":42},"end":{"line":91,"column":73}},{"start":{"line":91,"column":77},"end":{"line":99,"column":9}}]},"10":{"line":102,"type":"binary-expr","locations":[{"start":{"line":102,"column":18},"end":{"line":102,"column":32}},{"start":{"line":103,"column":12},"end":{"line":103,"column":53}},{"start":{"line":104,"column":12},"end":{"line":104,"column":61}}]},"11":{"line":112,"type":"binary-expr","locations":[{"start":{"line":112,"column":45},"end":{"line":112,"column":79},"skip":true},{"start":{"line":112,"column":83},"end":{"line":121,"column":9},"skip":true}]},"12":{"line":123,"type":"binary-expr","locations":[{"start":{"line":123,"column":42},"end":{"line":123,"column":73},"skip":true},{"start":{"line":123,"column":77},"end":{"line":136,"column":9},"skip":true}]},"13":{"line":138,"type":"binary-expr","locations":[{"start":{"line":138,"column":48},"end":{"line":138,"column":85},"skip":true},{"start":{"line":139,"column":12},"end":{"line":145,"column":13},"skip":true}]},"14":{"line":147,"type":"binary-expr","locations":[{"start":{"line":147,"column":42},"end":{"line":147,"column":73},"skip":true},{"start":{"line":147,"column":77},"end":{"line":156,"column":9},"skip":true}]},"15":{"line":158,"type":"binary-expr","locations":[{"start":{"line":158,"column":45},"end":{"line":158,"column":79},"skip":true},{"start":{"line":158,"column":83},"end":{"line":167,"column":9},"skip":true}]},"16":{"line":169,"type":"binary-expr","locations":[{"start":{"line":169,"column":43},"end":{"line":169,"column":75},"skip":true},{"start":{"line":169,"column":79},"end":{"line":178,"column":9},"skip":true}]},"17":{"line":180,"type":"binary-expr","locations":[{"start":{"line":180,"column":41},"end":{"line":180,"column":71},"skip":true},{"start":{"line":180,"column":75},"end":{"line":189,"column":9},"skip":true}]}},"code":["/* istanbul instrument in package npmtest_tio2 */","/*jslint","    bitwise: true,","    browser: true,","    maxerr: 8,","    maxlen: 96,","    node: true,","    nomen: true,","    regexp: true,","    stupid: true","*/","(function () {","    'use strict';","    var local;","","","","    // run shared js-env code - pre-init","    (function () {","        // init local","        local = {};","        // init modeJs","        local.modeJs = (function () {","            try {","                return typeof navigator.userAgent === 'string' &&","                    typeof document.querySelector('body') === 'object' &&","                    typeof XMLHttpRequest.prototype.open === 'function' &&","                    'browser';","            } catch (errorCaughtBrowser) {","                return module.exports &&","                    typeof process.versions.node === 'string' &&","                    typeof require('http').createServer === 'function' &&","                    'node';","            }","        }());","        // init global","        local.global = local.modeJs === 'browser'","            ? window","            : global;","        switch (local.modeJs) {","        // re-init local from window.local","        case 'browser':","            local = local.global.utility2.objectSetDefault(","                local.global.utility2_rollup || local.global.local,","                local.global.utility2","            );","            break;","        // re-init local from example.js","        case 'node':","            local = (local.global.utility2_rollup || require('utility2'))","                .requireReadme();","            break;","        }","        // export local","        local.global.local = local;","    }());","","","","    // run shared js-env code - function","    (function () {","        return;","    }());","    switch (local.modeJs) {","","","","    // run browser js-env code - function","    case 'browser':","        break;","","","","    // run node js-env code - function","    case 'node':","        break;","    }","","","","    // run shared js-env code - post-init","    (function () {","        return;","    }());","    switch (local.modeJs) {","","","","    // run browser js-env code - post-init","    case 'browser':","        local.testCase_browser_nullCase = local.testCase_browser_nullCase || function (","            options,","            onError","        ) {","        /*","         * this function will test browsers's null-case handling-behavior-behavior","         */","            onError(null, options);","        };","","        // run tests","        local.nop(local.modeTest &&","            document.querySelector('#testRunButton1') &&","            document.querySelector('#testRunButton1').click());","        break;","","","","    // run node js-env code - post-init","    /* istanbul ignore next */","    case 'node':","        local.testCase_buildApidoc_default = local.testCase_buildApidoc_default || function (","            options,","            onError","        ) {","        /*","         * this function will test buildApidoc's default handling-behavior-behavior","         */","            options = { modulePathList: module.paths };","            local.buildApidoc(options, onError);","        };","","        local.testCase_buildApp_default = local.testCase_buildApp_default || function (","            options,","            onError","        ) {","        /*","         * this function will test buildApp's default handling-behavior-behavior","         */","            local.testCase_buildReadme_default(options, local.onErrorThrow);","            local.testCase_buildLib_default(options, local.onErrorThrow);","            local.testCase_buildTest_default(options, local.onErrorThrow);","            local.testCase_buildCustomOrg_default(options, local.onErrorThrow);","            options = [];","            local.buildApp(options, onError);","        };","","        local.testCase_buildCustomOrg_default = local.testCase_buildCustomOrg_default ||","            function (options, onError) {","            /*","             * this function will test buildCustomOrg's default handling-behavior","             */","                options = {};","                local.buildCustomOrg(options, onError);","            };","","        local.testCase_buildLib_default = local.testCase_buildLib_default || function (","            options,","            onError","        ) {","        /*","         * this function will test buildLib's default handling-behavior","         */","            options = {};","            local.buildLib(options, onError);","        };","","        local.testCase_buildReadme_default = local.testCase_buildReadme_default || function (","            options,","            onError","        ) {","        /*","         * this function will test buildReadme's default handling-behavior-behavior","         */","            options = {};","            local.buildReadme(options, onError);","        };","","        local.testCase_buildTest_default = local.testCase_buildTest_default || function (","            options,","            onError","        ) {","        /*","         * this function will test buildTest's default handling-behavior","         */","            options = {};","            local.buildTest(options, onError);","        };","","        local.testCase_webpage_default = local.testCase_webpage_default || function (","            options,","            onError","        ) {","        /*","         * this function will test webpage's default handling-behavior","         */","            options = { modeCoverageMerge: true, url: local.serverLocalHost + '?modeTest=1' };","            local.browserTest(options, onError);","        };","","        // run test-server","        local.testRunServer(local);","        break;","    }","}());",""],"l":{"12":2,"14":2,"19":2,"21":2,"23":2,"24":2,"25":2,"30":1,"37":2,"40":2,"43":1,"47":1,"50":1,"52":1,"55":2,"61":2,"62":2,"64":2,"70":1,"76":1,"82":2,"83":2,"85":2,"91":1,"98":1,"102":1,"105":1,"112":1,"119":1,"120":1,"123":1,"130":1,"131":1,"132":1,"133":1,"134":1,"135":1,"138":1,"143":2,"144":2,"147":1,"154":2,"155":2,"158":1,"165":2,"166":2,"169":1,"176":2,"177":2,"180":1,"187":1,"188":1,"192":1,"193":1}},"/home/travis/build/npmtest/node-npmtest-tio2/lib.npmtest_tio2.js":{"path":"/home/travis/build/npmtest/node-npmtest-tio2/lib.npmtest_tio2.js","s":{"1":2,"2":2,"3":2,"4":2,"5":2,"6":2,"7":2,"8":1,"9":2,"10":2,"11":2,"12":2,"13":1,"14":1,"15":1,"16":1},"b":{"1":[2,1,1,1],"2":[1,1,1,1],"3":[1,1],"4":[2,2],"5":[1,1]},"f":{"1":2,"2":2,"3":2},"fnMap":{"1":{"name":"(anonymous_1)","line":12,"loc":{"start":{"line":12,"column":1},"end":{"line":12,"column":13}}},"2":{"name":"(anonymous_2)","line":19,"loc":{"start":{"line":19,"column":5},"end":{"line":19,"column":17}}},"3":{"name":"(anonymous_3)","line":23,"loc":{"start":{"line":23,"column":24},"end":{"line":23,"column":36}}}},"statementMap":{"1":{"start":{"line":12,"column":0},"end":{"line":53,"column":5}},"2":{"start":{"line":14,"column":4},"end":{"line":14,"column":14}},"3":{"start":{"line":19,"column":4},"end":{"line":52,"column":9}},"4":{"start":{"line":21,"column":8},"end":{"line":21,"column":19}},"5":{"start":{"line":23,"column":8},"end":{"line":35,"column":13}},"6":{"start":{"line":24,"column":12},"end":{"line":34,"column":13}},"7":{"start":{"line":25,"column":16},"end":{"line":28,"column":30}},"8":{"start":{"line":30,"column":16},"end":{"line":33,"column":27}},"9":{"start":{"line":37,"column":8},"end":{"line":39,"column":21}},"10":{"start":{"line":41,"column":8},"end":{"line":41,"column":54}},"11":{"start":{"line":43,"column":8},"end":{"line":43,"column":49}},"12":{"start":{"line":45,"column":8},"end":{"line":51,"column":9}},"13":{"start":{"line":46,"column":12},"end":{"line":46,"column":55}},"14":{"start":{"line":48,"column":12},"end":{"line":48,"column":35}},"15":{"start":{"line":49,"column":12},"end":{"line":49,"column":49}},"16":{"start":{"line":50,"column":12},"end":{"line":50,"column":43}}},"branchMap":{"1":{"line":25,"type":"binary-expr","locations":[{"start":{"line":25,"column":23},"end":{"line":25,"column":62}},{"start":{"line":26,"column":20},"end":{"line":26,"column":70}},{"start":{"line":27,"column":20},"end":{"line":27,"column":71}},{"start":{"line":28,"column":20},"end":{"line":28,"column":29}}]},"2":{"line":30,"type":"binary-expr","locations":[{"start":{"line":30,"column":23},"end":{"line":30,"column":37}},{"start":{"line":31,"column":20},"end":{"line":31,"column":61}},{"start":{"line":32,"column":20},"end":{"line":32,"column":70}},{"start":{"line":33,"column":20},"end":{"line":33,"column":26}}]},"3":{"line":37,"type":"cond-expr","locations":[{"start":{"line":38,"column":14},"end":{"line":38,"column":20}},{"start":{"line":39,"column":14},"end":{"line":39,"column":20}}]},"4":{"line":41,"type":"binary-expr","locations":[{"start":{"line":41,"column":16},"end":{"line":41,"column":44}},{"start":{"line":41,"column":48},"end":{"line":41,"column":53}}]},"5":{"line":45,"type":"if","locations":[{"start":{"line":45,"column":8},"end":{"line":45,"column":8}},{"start":{"line":45,"column":8},"end":{"line":45,"column":8}}]}},"code":["/* istanbul instrument in package npmtest_tio2 */","/*jslint","    bitwise: true,","    browser: true,","    maxerr: 8,","    maxlen: 96,","    node: true,","    nomen: true,","    regexp: true,","    stupid: true","*/","(function () {","    'use strict';","    var local;","","","","    // run shared js-env code - pre-init","    (function () {","        // init local","        local = {};","        // init modeJs","        local.modeJs = (function () {","            try {","                return typeof navigator.userAgent === 'string' &&","                    typeof document.querySelector('body') === 'object' &&","                    typeof XMLHttpRequest.prototype.open === 'function' &&","                    'browser';","            } catch (errorCaughtBrowser) {","                return module.exports &&","                    typeof process.versions.node === 'string' &&","                    typeof require('http').createServer === 'function' &&","                    'node';","            }","        }());","        // init global","        local.global = local.modeJs === 'browser'","            ? window","            : global;","        // init utility2_rollup","        local = local.global.utility2_rollup || local;","        // init lib","        local.local = local.npmtest_tio2 = local;","        // init exports","        if (local.modeJs === 'browser') {","            local.global.utility2_npmtest_tio2 = local;","        } else {","            module.exports = local;","            module.exports.__dirname = __dirname;","            module.exports.module = module;","        }","    }());","}());",""],"l":{"12":2,"14":2,"19":2,"21":2,"23":2,"24":2,"25":2,"30":1,"37":2,"41":2,"43":2,"45":2,"46":1,"48":1,"49":1,"50":1}},"/home/travis/build/npmtest/node-npmtest-tio2/example.js":{"path":"/home/travis/build/npmtest/node-npmtest-tio2/example.js","s":{"1":2,"2":2,"3":2,"4":2,"5":2,"6":2,"7":2,"8":1,"9":2,"10":2,"11":2,"12":2,"13":1,"14":2,"15":2,"16":2,"17":2,"18":2,"19":0,"20":2,"21":1,"22":1,"23":1,"24":1,"25":1,"26":0,"27":0,"28":1,"29":1,"30":2,"31":0,"32":0,"33":0,"34":1,"35":2,"36":2,"37":3,"38":3,"39":3,"40":3,"41":0,"42":3,"43":3,"44":3,"45":1,"46":3,"47":1,"48":1,"49":1,"50":1,"51":1,"52":1,"53":1,"54":1,"55":1,"56":1,"57":0,"58":1,"59":6,"60":6,"61":1,"62":2,"63":0,"64":2,"65":1,"66":1,"67":0,"68":0,"69":0,"70":0,"71":0,"72":0,"73":0,"74":0,"75":0,"76":0,"77":0,"78":0,"79":0,"80":0,"81":0,"82":0,"83":0},"b":{"1":[2,1,1,1],"2":[1,1,1,1],"3":[1,1],"4":[2,2],"5":[1,1],"6":[1,1],"7":[2,0],"8":[2,1,1,1,1,1],"9":[0,2,0],"10":[1,1],"11":[2,1,1],"12":[1,0],"13":[0,2],"14":[2,0,0,0,0,0,0],"15":[0,3],"16":[3,0],"17":[1,1],"18":[0,1],"19":[1,2,0,2],"20":[1,0],"21":[1,1],"22":[0,0],"23":[0,0],"24":[0,0],"25":[0,0],"26":[0,0],"27":[0,0],"28":[0,0]},"f":{"1":2,"2":2,"3":2,"4":2,"5":2,"6":2,"7":3,"8":3,"9":3,"10":1,"11":6,"12":0},"fnMap":{"1":{"name":"(anonymous_1)","line":26,"loc":{"start":{"line":26,"column":1},"end":{"line":26,"column":13}}},"2":{"name":"(anonymous_2)","line":33,"loc":{"start":{"line":33,"column":5},"end":{"line":33,"column":17}}},"3":{"name":"(anonymous_3)","line":37,"loc":{"start":{"line":37,"column":24},"end":{"line":37,"column":36}}},"4":{"name":"(anonymous_4)","line":69,"loc":{"start":{"line":69,"column":31},"end":{"line":69,"column":48}},"skip":true},"5":{"name":"(anonymous_5)","line":78,"loc":{"start":{"line":78,"column":26},"end":{"line":78,"column":45}},"skip":true},"6":{"name":"(anonymous_6)","line":123,"loc":{"start":{"line":123,"column":33},"end":{"line":123,"column":48}},"skip":true},"7":{"name":"(anonymous_7)","line":125,"loc":{"start":{"line":125,"column":27},"end":{"line":125,"column":39}},"skip":true},"8":{"name":"(anonymous_8)","line":133,"loc":{"start":{"line":133,"column":59},"end":{"line":133,"column":74}},"skip":true},"9":{"name":"(anonymous_9)","line":143,"loc":{"start":{"line":143,"column":45},"end":{"line":143,"column":62}},"skip":true},"10":{"name":"(anonymous_10)","line":144,"loc":{"start":{"line":144,"column":73},"end":{"line":144,"column":92}},"skip":true},"11":{"name":"(anonymous_11)","line":272,"loc":{"start":{"line":272,"column":51},"end":{"line":272,"column":77}},"skip":true},"12":{"name":"(anonymous_12)","line":315,"loc":{"start":{"line":315,"column":32},"end":{"line":315,"column":61}},"skip":true}},"statementMap":{"1":{"start":{"line":26,"column":0},"end":{"line":326,"column":5}},"2":{"start":{"line":28,"column":4},"end":{"line":28,"column":14}},"3":{"start":{"line":33,"column":4},"end":{"line":60,"column":9}},"4":{"start":{"line":35,"column":8},"end":{"line":35,"column":19}},"5":{"start":{"line":37,"column":8},"end":{"line":49,"column":13}},"6":{"start":{"line":38,"column":12},"end":{"line":48,"column":13}},"7":{"start":{"line":39,"column":16},"end":{"line":42,"column":30}},"8":{"start":{"line":44,"column":16},"end":{"line":47,"column":27}},"9":{"start":{"line":51,"column":8},"end":{"line":53,"column":21}},"10":{"start":{"line":55,"column":8},"end":{"line":57,"column":45}},"11":{"start":{"line":59,"column":8},"end":{"line":59,"column":35}},"12":{"start":{"line":61,"column":4},"end":{"line":325,"column":5}},"13":{"start":{"line":69,"column":8},"end":{"line":121,"column":10},"skip":true},"14":{"start":{"line":70,"column":12},"end":{"line":88,"column":13},"skip":true},"15":{"start":{"line":76,"column":16},"end":{"line":87,"column":19},"skip":true},"16":{"start":{"line":79,"column":20},"end":{"line":86,"column":21},"skip":true},"17":{"start":{"line":82,"column":24},"end":{"line":82,"column":43},"skip":true},"18":{"start":{"line":83,"column":24},"end":{"line":83,"column":30},"skip":true},"19":{"start":{"line":85,"column":24},"end":{"line":85,"column":49},"skip":true},"20":{"start":{"line":89,"column":12},"end":{"line":107,"column":13},"skip":true},"21":{"start":{"line":92,"column":16},"end":{"line":102,"column":17},"skip":true},"22":{"start":{"line":93,"column":20},"end":{"line":93,"column":86},"skip":true},"23":{"start":{"line":94,"column":20},"end":{"line":95,"column":45},"skip":true},"24":{"start":{"line":96,"column":20},"end":{"line":96,"column":42},"skip":true},"25":{"start":{"line":97,"column":20},"end":{"line":97,"column":48},"skip":true},"26":{"start":{"line":100,"column":20},"end":{"line":100,"column":85},"skip":true},"27":{"start":{"line":101,"column":20},"end":{"line":101,"column":96},"skip":true},"28":{"start":{"line":103,"column":16},"end":{"line":103,"column":22},"skip":true},"29":{"start":{"line":106,"column":16},"end":{"line":106,"column":22},"skip":true},"30":{"start":{"line":108,"column":12},"end":{"line":120,"column":13},"skip":true},"31":{"start":{"line":114,"column":16},"end":{"line":119,"column":17},"skip":true},"32":{"start":{"line":116,"column":20},"end":{"line":116,"column":78},"skip":true},"33":{"start":{"line":118,"column":20},"end":{"line":118,"column":47},"skip":true},"34":{"start":{"line":123,"column":8},"end":{"line":141,"column":11},"skip":true},"35":{"start":{"line":124,"column":12},"end":{"line":124,"column":54},"skip":true},"36":{"start":{"line":125,"column":12},"end":{"line":140,"column":14},"skip":true},"37":{"start":{"line":126,"column":16},"end":{"line":126,"column":28},"skip":true},"38":{"start":{"line":127,"column":16},"end":{"line":127,"column":69},"skip":true},"39":{"start":{"line":128,"column":16},"end":{"line":128,"column":75},"skip":true},"40":{"start":{"line":129,"column":16},"end":{"line":131,"column":17},"skip":true},"41":{"start":{"line":130,"column":20},"end":{"line":130,"column":27},"skip":true},"42":{"start":{"line":133,"column":16},"end":{"line":137,"column":36},"skip":true},"43":{"start":{"line":134,"column":20},"end":{"line":136,"column":55},"skip":true},"44":{"start":{"line":139,"column":16},"end":{"line":139,"column":57},"skip":true},"45":{"start":{"line":143,"column":8},"end":{"line":147,"column":11},"skip":true},"46":{"start":{"line":144,"column":12},"end":{"line":146,"column":15},"skip":true},"47":{"start":{"line":145,"column":16},"end":{"line":145,"column":70},"skip":true},"48":{"start":{"line":149,"column":8},"end":{"line":149,"column":31},"skip":true},"49":{"start":{"line":150,"column":8},"end":{"line":150,"column":14},"skip":true},"50":{"start":{"line":158,"column":8},"end":{"line":158,"column":31},"skip":true},"51":{"start":{"line":160,"column":8},"end":{"line":160,"column":33},"skip":true},"52":{"start":{"line":161,"column":8},"end":{"line":161,"column":37},"skip":true},"53":{"start":{"line":162,"column":8},"end":{"line":162,"column":35},"skip":true},"54":{"start":{"line":164,"column":8},"end":{"line":164,"column":50},"skip":true},"55":{"start":{"line":166,"column":8},"end":{"line":256,"column":2},"skip":true},"56":{"start":{"line":258,"column":8},"end":{"line":286,"column":9},"skip":true},"57":{"start":{"line":259,"column":12},"end":{"line":269,"column":14},"skip":true},"58":{"start":{"line":271,"column":12},"end":{"line":285,"column":19},"skip":true},"59":{"start":{"line":274,"column":20},"end":{"line":274,"column":35},"skip":true},"60":{"start":{"line":275,"column":20},"end":{"line":284,"column":21},"skip":true},"61":{"start":{"line":277,"column":24},"end":{"line":277,"column":64},"skip":true},"62":{"start":{"line":279,"column":24},"end":{"line":279,"column":40},"skip":true},"63":{"start":{"line":281,"column":24},"end":{"line":281,"column":40},"skip":true},"64":{"start":{"line":283,"column":24},"end":{"line":283,"column":39},"skip":true},"65":{"start":{"line":288,"column":8},"end":{"line":290,"column":9},"skip":true},"66":{"start":{"line":289,"column":12},"end":{"line":289,"column":18},"skip":true},"67":{"start":{"line":291,"column":8},"end":{"line":293,"column":54},"skip":true},"68":{"start":{"line":296,"column":8},"end":{"line":301,"column":37},"skip":true},"69":{"start":{"line":303,"column":8},"end":{"line":303,"column":82},"skip":true},"70":{"start":{"line":306,"column":8},"end":{"line":308,"column":9},"skip":true},"71":{"start":{"line":307,"column":12},"end":{"line":307,"column":82},"skip":true},"72":{"start":{"line":310,"column":8},"end":{"line":312,"column":9},"skip":true},"73":{"start":{"line":311,"column":12},"end":{"line":311,"column":18},"skip":true},"74":{"start":{"line":313,"column":8},"end":{"line":313,"column":54},"skip":true},"75":{"start":{"line":314,"column":8},"end":{"line":314,"column":69},"skip":true},"76":{"start":{"line":315,"column":8},"end":{"line":323,"column":36},"skip":true},"77":{"start":{"line":316,"column":12},"end":{"line":316,"column":61},"skip":true},"78":{"start":{"line":317,"column":12},"end":{"line":320,"column":13},"skip":true},"79":{"start":{"line":318,"column":16},"end":{"line":318,"column":75},"skip":true},"80":{"start":{"line":319,"column":16},"end":{"line":319,"column":23},"skip":true},"81":{"start":{"line":321,"column":12},"end":{"line":321,"column":38},"skip":true},"82":{"start":{"line":322,"column":12},"end":{"line":322,"column":27},"skip":true},"83":{"start":{"line":324,"column":8},"end":{"line":324,"column":14},"skip":true}},"branchMap":{"1":{"line":39,"type":"binary-expr","locations":[{"start":{"line":39,"column":23},"end":{"line":39,"column":62}},{"start":{"line":40,"column":20},"end":{"line":40,"column":70}},{"start":{"line":41,"column":20},"end":{"line":41,"column":71}},{"start":{"line":42,"column":20},"end":{"line":42,"column":29}}]},"2":{"line":44,"type":"binary-expr","locations":[{"start":{"line":44,"column":23},"end":{"line":44,"column":37}},{"start":{"line":45,"column":20},"end":{"line":45,"column":61}},{"start":{"line":46,"column":20},"end":{"line":46,"column":70}},{"start":{"line":47,"column":20},"end":{"line":47,"column":26}}]},"3":{"line":51,"type":"cond-expr","locations":[{"start":{"line":52,"column":14},"end":{"line":52,"column":20}},{"start":{"line":53,"column":14},"end":{"line":53,"column":20}}]},"4":{"line":55,"type":"binary-expr","locations":[{"start":{"line":55,"column":16},"end":{"line":55,"column":44}},{"start":{"line":55,"column":49},"end":{"line":57,"column":43}}]},"5":{"line":55,"type":"cond-expr","locations":[{"start":{"line":56,"column":14},"end":{"line":56,"column":48}},{"start":{"line":57,"column":14},"end":{"line":57,"column":43}}]},"6":{"line":61,"type":"switch","locations":[{"start":{"line":68,"column":4},"end":{"line":150,"column":14},"skip":true},{"start":{"line":156,"column":4},"end":{"line":324,"column":14},"skip":true}]},"7":{"line":70,"type":"if","locations":[{"start":{"line":70,"column":12},"end":{"line":70,"column":12},"skip":true},{"start":{"line":70,"column":12},"end":{"line":70,"column":12},"skip":true}]},"8":{"line":70,"type":"binary-expr","locations":[{"start":{"line":70,"column":16},"end":{"line":70,"column":22},"skip":true},{"start":{"line":70,"column":27},"end":{"line":70,"column":32},"skip":true},{"start":{"line":71,"column":20},"end":{"line":71,"column":39},"skip":true},{"start":{"line":72,"column":20},"end":{"line":72,"column":49},"skip":true},{"start":{"line":73,"column":20},"end":{"line":73,"column":58},"skip":true},{"start":{"line":74,"column":20},"end":{"line":74,"column":69},"skip":true}]},"9":{"line":79,"type":"switch","locations":[{"start":{"line":80,"column":20},"end":{"line":80,"column":33},"skip":true},{"start":{"line":81,"column":20},"end":{"line":83,"column":30},"skip":true},{"start":{"line":84,"column":20},"end":{"line":85,"column":49},"skip":true}]},"10":{"line":89,"type":"switch","locations":[{"start":{"line":90,"column":12},"end":{"line":103,"column":22},"skip":true},{"start":{"line":105,"column":12},"end":{"line":106,"column":22},"skip":true}]},"11":{"line":89,"type":"binary-expr","locations":[{"start":{"line":89,"column":20},"end":{"line":89,"column":25},"skip":true},{"start":{"line":89,"column":29},"end":{"line":89,"column":48},"skip":true},{"start":{"line":89,"column":52},"end":{"line":89,"column":74},"skip":true}]},"12":{"line":92,"type":"if","locations":[{"start":{"line":92,"column":16},"end":{"line":92,"column":16},"skip":true},{"start":{"line":92,"column":16},"end":{"line":92,"column":16},"skip":true}]},"13":{"line":108,"type":"if","locations":[{"start":{"line":108,"column":12},"end":{"line":108,"column":12},"skip":true},{"start":{"line":108,"column":12},"end":{"line":108,"column":12},"skip":true}]},"14":{"line":108,"type":"binary-expr","locations":[{"start":{"line":108,"column":16},"end":{"line":108,"column":61},"skip":true},{"start":{"line":108,"column":66},"end":{"line":108,"column":72},"skip":true},{"start":{"line":108,"column":77},"end":{"line":108,"column":82},"skip":true},{"start":{"line":109,"column":20},"end":{"line":109,"column":39},"skip":true},{"start":{"line":110,"column":20},"end":{"line":110,"column":49},"skip":true},{"start":{"line":111,"column":20},"end":{"line":111,"column":58},"skip":true},{"start":{"line":112,"column":20},"end":{"line":112,"column":68},"skip":true}]},"15":{"line":129,"type":"if","locations":[{"start":{"line":129,"column":16},"end":{"line":129,"column":16},"skip":true},{"start":{"line":129,"column":16},"end":{"line":129,"column":16},"skip":true}]},"16":{"line":134,"type":"cond-expr","locations":[{"start":{"line":135,"column":26},"end":{"line":135,"column":29},"skip":true},{"start":{"line":136,"column":26},"end":{"line":136,"column":54},"skip":true}]},"17":{"line":164,"type":"binary-expr","locations":[{"start":{"line":164,"column":27},"end":{"line":164,"column":43},"skip":true},{"start":{"line":164,"column":47},"end":{"line":164,"column":49},"skip":true}]},"18":{"line":258,"type":"if","locations":[{"start":{"line":258,"column":8},"end":{"line":258,"column":8},"skip":true},{"start":{"line":258,"column":8},"end":{"line":258,"column":8},"skip":true}]},"19":{"line":275,"type":"switch","locations":[{"start":{"line":276,"column":20},"end":{"line":277,"column":64},"skip":true},{"start":{"line":278,"column":20},"end":{"line":279,"column":40},"skip":true},{"start":{"line":280,"column":20},"end":{"line":281,"column":40},"skip":true},{"start":{"line":282,"column":20},"end":{"line":283,"column":39},"skip":true}]},"20":{"line":288,"type":"if","locations":[{"start":{"line":288,"column":8},"end":{"line":288,"column":8},"skip":true},{"start":{"line":288,"column":8},"end":{"line":288,"column":8},"skip":true}]},"21":{"line":288,"type":"binary-expr","locations":[{"start":{"line":288,"column":12},"end":{"line":288,"column":40},"skip":true},{"start":{"line":288,"column":44},"end":{"line":288,"column":67},"skip":true}]},"22":{"line":292,"type":"binary-expr","locations":[{"start":{"line":292,"column":12},"end":{"line":292,"column":50},"skip":true},{"start":{"line":293,"column":12},"end":{"line":293,"column":53},"skip":true}]},"23":{"line":297,"type":"binary-expr","locations":[{"start":{"line":297,"column":12},"end":{"line":297,"column":62},"skip":true},{"start":{"line":298,"column":12},"end":{"line":301,"column":36},"skip":true}]},"24":{"line":303,"type":"binary-expr","locations":[{"start":{"line":303,"column":43},"end":{"line":303,"column":75},"skip":true},{"start":{"line":303,"column":79},"end":{"line":303,"column":81},"skip":true}]},"25":{"line":306,"type":"if","locations":[{"start":{"line":306,"column":8},"end":{"line":306,"column":8},"skip":true},{"start":{"line":306,"column":8},"end":{"line":306,"column":8},"skip":true}]},"26":{"line":310,"type":"if","locations":[{"start":{"line":310,"column":8},"end":{"line":310,"column":8},"skip":true},{"start":{"line":310,"column":8},"end":{"line":310,"column":8},"skip":true}]},"27":{"line":313,"type":"binary-expr","locations":[{"start":{"line":313,"column":27},"end":{"line":313,"column":43},"skip":true},{"start":{"line":313,"column":47},"end":{"line":313,"column":53},"skip":true}]},"28":{"line":317,"type":"if","locations":[{"start":{"line":317,"column":12},"end":{"line":317,"column":12},"skip":true},{"start":{"line":317,"column":12},"end":{"line":317,"column":12},"skip":true}]}},"code":["/*","example.js","","quickstart example","","instruction","    1. save this script as example.js","    2. run the shell command:","        $ npm install npmtest-tio2 && PORT=8081 node example.js","    3. play with the browser-demo on http://127.0.0.1:8081","*/","","","","/* istanbul instrument in package npmtest_tio2 */","/*jslint","    bitwise: true,","    browser: true,","    maxerr: 8,","    maxlen: 96,","    node: true,","    nomen: true,","    regexp: true,","    stupid: true","*/","(function () {","    'use strict';","    var local;","","","","    // run shared js-env code - pre-init","    (function () {","        // init local","        local = {};","        // init modeJs","        local.modeJs = (function () {","            try {","                return typeof navigator.userAgent === 'string' &&","                    typeof document.querySelector('body') === 'object' &&","                    typeof XMLHttpRequest.prototype.open === 'function' &&","                    'browser';","            } catch (errorCaughtBrowser) {","                return module.exports &&","                    typeof process.versions.node === 'string' &&","                    typeof require('http').createServer === 'function' &&","                    'node';","            }","        }());","        // init global","        local.global = local.modeJs === 'browser'","            ? window","            : global;","        // init utility2_rollup","        local = local.global.utility2_rollup || (local.modeJs === 'browser'","            ? local.global.utility2_npmtest_tio2","            : global.utility2_moduleExports);","        // export local","        local.global.local = local;","    }());","    switch (local.modeJs) {","","","","    // post-init","    // run browser js-env code - post-init","    /* istanbul ignore next */","    case 'browser':","        local.testRunBrowser = function (event) {","            if (!event || (event &&","                    event.currentTarget &&","                    event.currentTarget.className &&","                    event.currentTarget.className.includes &&","                    event.currentTarget.className.includes('onreset'))) {","                // reset output","                Array.from(","                    document.querySelectorAll('body > .resettable')","                ).forEach(function (element) {","                    switch (element.tagName) {","                    case 'INPUT':","                    case 'TEXTAREA':","                        element.value = '';","                        break;","                    default:","                        element.textContent = '';","                    }","                });","            }","            switch (event && event.currentTarget && event.currentTarget.id) {","            case 'testRunButton1':","                // show tests","                if (document.querySelector('#testReportDiv1').style.display === 'none') {","                    document.querySelector('#testReportDiv1').style.display = 'block';","                    document.querySelector('#testRunButton1').textContent =","                        'hide internal test';","                    local.modeTest = true;","                    local.testRunDefault(local);","                // hide tests","                } else {","                    document.querySelector('#testReportDiv1').style.display = 'none';","                    document.querySelector('#testRunButton1').textContent = 'run internal test';","                }","                break;","            // custom-case","            default:","                break;","            }","            if (document.querySelector('#inputTextareaEval1') && (!event || (event &&","                    event.currentTarget &&","                    event.currentTarget.className &&","                    event.currentTarget.className.includes &&","                    event.currentTarget.className.includes('oneval')))) {","                // try to eval input-code","                try {","                    /*jslint evil: true*/","                    eval(document.querySelector('#inputTextareaEval1').value);","                } catch (errorCaught) {","                    console.error(errorCaught);","                }","            }","        };","        // log stderr and stdout to #outputTextareaStdout1","        ['error', 'log'].forEach(function (key) {","            console[key + '_original'] = console[key];","            console[key] = function () {","                var element;","                console[key + '_original'].apply(console, arguments);","                element = document.querySelector('#outputTextareaStdout1');","                if (!element) {","                    return;","                }","                // append text to #outputTextareaStdout1","                element.value += Array.from(arguments).map(function (arg) {","                    return typeof arg === 'string'","                        ? arg","                        : JSON.stringify(arg, null, 4);","                }).join(' ') + '\\n';","                // scroll textarea to bottom","                element.scrollTop = element.scrollHeight;","            };","        });","        // init event-handling","        ['change', 'click', 'keyup'].forEach(function (event) {","            Array.from(document.querySelectorAll('.on' + event)).forEach(function (element) {","                element.addEventListener(event, local.testRunBrowser);","            });","        });","        // run tests","        local.testRunBrowser();","        break;","","","","    // run node js-env code - post-init","    /* istanbul ignore next */","    case 'node':","        // export local","        module.exports = local;","        // require modules","        local.fs = require('fs');","        local.http = require('http');","        local.url = require('url');","        // init assets","        local.assetsDict = local.assetsDict || {};","        /* jslint-ignore-begin */","        local.assetsDict['/assets.index.template.html'] = '\\","<!doctype html>\\n\\","<html lang=\"en\">\\n\\","<head>\\n\\","<meta charset=\"UTF-8\">\\n\\","<meta name=\"viewport\" content=\"width=device-width, initial-scale=1\">\\n\\","<title>{{env.npm_package_name}} (v{{env.npm_package_version}})</title>\\n\\","<style>\\n\\","/*csslint\\n\\","    box-sizing: false,\\n\\","    universal-selector: false\\n\\","*/\\n\\","* {\\n\\","    box-sizing: border-box;\\n\\","}\\n\\","body {\\n\\","    background: #dde;\\n\\","    font-family: Arial, Helvetica, sans-serif;\\n\\","    margin: 2rem;\\n\\","}\\n\\","body > * {\\n\\","    margin-bottom: 1rem;\\n\\","}\\n\\",".utility2FooterDiv {\\n\\","    margin-top: 20px;\\n\\","    text-align: center;\\n\\","}\\n\\","</style>\\n\\","<style>\\n\\","/*csslint\\n\\","*/\\n\\","textarea {\\n\\","    font-family: monospace;\\n\\","    height: 10rem;\\n\\","    width: 100%;\\n\\","}\\n\\","textarea[readonly] {\\n\\","    background: #ddd;\\n\\","}\\n\\","</style>\\n\\","</head>\\n\\","<body>\\n\\","<!-- utility2-comment\\n\\","<div id=\"ajaxProgressDiv1\" style=\"background: #d00; height: 2px; left: 0; margin: 0; padding: 0; position: fixed; top: 0; transition: background 0.5s, width 1.5s; width: 25%;\"></div>\\n\\","utility2-comment -->\\n\\","<h1>\\n\\","<!-- utility2-comment\\n\\","    <a\\n\\","        {{#if env.npm_package_homepage}}\\n\\","        href=\"{{env.npm_package_homepage}}\"\\n\\","        {{/if env.npm_package_homepage}}\\n\\","        target=\"_blank\"\\n\\","    >\\n\\","utility2-comment -->\\n\\","        {{env.npm_package_name}} (v{{env.npm_package_version}})\\n\\","<!-- utility2-comment\\n\\","    </a>\\n\\","utility2-comment -->\\n\\","</h1>\\n\\","<h3>{{env.npm_package_description}}</h3>\\n\\","<!-- utility2-comment\\n\\","<h4><a download href=\"assets.app.js\">download standalone app</a></h4>\\n\\","<button class=\"onclick onreset\" id=\"testRunButton1\">run internal test</button><br>\\n\\","<div id=\"testReportDiv1\" style=\"display: none;\"></div>\\n\\","utility2-comment -->\\n\\","\\n\\","\\n\\","\\n\\","<label>stderr and stdout</label>\\n\\","<textarea class=\"resettable\" id=\"outputTextareaStdout1\" readonly></textarea>\\n\\","<!-- utility2-comment\\n\\","{{#if isRollup}}\\n\\","<script src=\"assets.app.js\"></script>\\n\\","{{#unless isRollup}}\\n\\","utility2-comment -->\\n\\","<script src=\"assets.utility2.rollup.js\"></script>\\n\\","<script src=\"jsonp.utility2._stateInit?callback=window.utility2._stateInit\"></script>\\n\\","<script src=\"assets.npmtest_tio2.rollup.js\"></script>\\n\\","<script src=\"assets.example.js\"></script>\\n\\","<script src=\"assets.test.js\"></script>\\n\\","<!-- utility2-comment\\n\\","{{/if isRollup}}\\n\\","utility2-comment -->\\n\\","<div class=\"utility2FooterDiv\">\\n\\","    [ this app was created with\\n\\","    <a href=\"https://github.com/kaizhu256/node-utility2\" target=\"_blank\">utility2</a>\\n\\","    ]\\n\\","</div>\\n\\","</body>\\n\\","</html>\\n\\","';","        /* jslint-ignore-end */","        if (local.templateRender) {","            local.assetsDict['/'] = local.templateRender(","                local.assetsDict['/assets.index.template.html'],","                {","                    env: local.objectSetDefault(local.env, {","                        npm_package_description: 'the greatest app in the world!',","                        npm_package_name: 'my-app',","                        npm_package_nameAlias: 'my_app',","                        npm_package_version: '0.0.1'","                    })","                }","            );","        } else {","            local.assetsDict['/'] = local.assetsDict['/assets.index.template.html']","                .replace((/\\{\\{env\\.(\\w+?)\\}\\}/g), function (match0, match1) {","                    // jslint-hack","                    String(match0);","                    switch (match1) {","                    case 'npm_package_description':","                        return 'the greatest app in the world!';","                    case 'npm_package_name':","                        return 'my-app';","                    case 'npm_package_nameAlias':","                        return 'my_app';","                    case 'npm_package_version':","                        return '0.0.1';","                    }","                });","        }","        // run the cli","        if (local.global.utility2_rollup || module !== require.main) {","            break;","        }","        local.assetsDict['/assets.example.js'] =","            local.assetsDict['/assets.example.js'] ||","            local.fs.readFileSync(__filename, 'utf8');","        // bug-workaround - long $npm_package_buildCustomOrg","        /* jslint-ignore-begin */","        local.assetsDict['/assets.npmtest_tio2.rollup.js'] =","            local.assetsDict['/assets.npmtest_tio2.rollup.js'] ||","            local.fs.readFileSync(","                local.npmtest_tio2.__dirname + '/lib.npmtest_tio2.js',","                'utf8'","            ).replace((/^#!/), '//');","        /* jslint-ignore-end */","        local.assetsDict['/favicon.ico'] = local.assetsDict['/favicon.ico'] || '';","        // if $npm_config_timeout_exit exists,","        // then exit this process after $npm_config_timeout_exit ms","        if (Number(process.env.npm_config_timeout_exit)) {","            setTimeout(process.exit, Number(process.env.npm_config_timeout_exit));","        }","        // start server","        if (local.global.utility2_serverHttp1) {","            break;","        }","        process.env.PORT = process.env.PORT || '8081';","        console.error('server starting on port ' + process.env.PORT);","        local.http.createServer(function (request, response) {","            request.urlParsed = local.url.parse(request.url);","            if (local.assetsDict[request.urlParsed.pathname] !== undefined) {","                response.end(local.assetsDict[request.urlParsed.pathname]);","                return;","            }","            response.statusCode = 404;","            response.end();","        }).listen(process.env.PORT);","        break;","    }","}());",""],"l":{"26":2,"28":2,"33":2,"35":2,"37":2,"38":2,"39":2,"44":1,"51":2,"55":2,"59":2,"61":2,"69":1,"70":2,"76":2,"79":2,"82":2,"83":2,"85":1,"89":2,"92":1,"93":1,"94":1,"96":1,"97":1,"100":1,"101":1,"103":1,"106":1,"108":2,"114":1,"116":1,"118":1,"123":1,"124":2,"125":2,"126":3,"127":3,"128":3,"129":3,"130":1,"133":3,"134":3,"139":3,"143":1,"144":3,"145":1,"149":1,"150":1,"158":1,"160":1,"161":1,"162":1,"164":1,"166":1,"258":1,"259":1,"271":1,"274":6,"275":6,"277":1,"279":2,"281":1,"283":2,"288":1,"289":1,"291":1,"296":1,"303":1,"306":1,"307":1,"310":1,"311":1,"313":1,"314":1,"315":1,"316":1,"317":1,"318":1,"319":1,"321":1,"322":1,"324":1}},"/home/travis/build/npmtest/node-npmtest-tio2/node_modules/tio2/index.js":{"path":"/home/travis/build/npmtest/node-npmtest-tio2/node_modules/tio2/index.js","s":{"1":1,"2":1,"3":0,"4":0,"5":0},"b":{},"f":{"1":0,"2":0},"fnMap":{"1":{"name":"init","line":3,"loc":{"start":{"line":3,"column":15},"end":{"line":3,"column":42}}},"2":{"name":"(anonymous_2)","line":11,"loc":{"start":{"line":11,"column":47},"end":{"line":11,"column":72}}}},"statementMap":{"1":{"start":{"line":1,"column":0},"end":{"line":1,"column":27}},"2":{"start":{"line":3,"column":0},"end":{"line":17,"column":2}},"3":{"start":{"line":11,"column":1},"end":{"line":14,"column":4}},"4":{"start":{"line":13,"column":2},"end":{"line":13,"column":58}},"5":{"start":{"line":16,"column":1},"end":{"line":16,"column":16}}},"branchMap":{},"code":["var path = require('path');","","exports.init = function init(spoke, next) {","\t/*spoke.registerJobHandler('titanium.sdk.test', function (job, callback) {","\t\tnew (require('./lib/dispatcher'))({","\t\t\trepo: 'https://github.com/appcelerator/titanium_mobile.git',","\t\t\tbranch: job.payload && job.payload.branch || 'master'","\t\t}).go(callback);","\t});*/","","\tspoke.registerJobHandler('titanium.run.test', function (job, callback) {","\t\t// job.payload = JSON.parse('{\"testDir\":\"/Users/chris/appc/tio2/test\",\"logLevel\":\"debug\",\"platform\":\"ios\",\"iosVersion\":\"7.1\"}');","\t\tnew (require('./lib/runner'))(job.payload).go(callback);","\t});","","\tnext(null, {});","};"],"l":{"1":1,"3":1,"11":0,"13":0,"16":0}},"/home/travis/build/npmtest/node-npmtest-tio2/node_modules/tio2/lib/cli.js":{"path":"/home/travis/build/npmtest/node-npmtest-tio2/node_modules/tio2/lib/cli.js","s":{"1":2,"2":2,"3":2,"4":2,"5":2,"6":2,"7":2,"8":0,"9":0,"10":0,"11":0,"12":0,"13":0,"14":0,"15":0},"b":{"1":[2,0],"2":[2,0],"3":[0,0],"4":[0,0]},"f":{"1":0,"2":0,"3":0},"fnMap":{"1":{"name":"(anonymous_1)","line":48,"loc":{"start":{"line":48,"column":10},"end":{"line":48,"column":34}}},"2":{"name":"(anonymous_2)","line":50,"loc":{"start":{"line":50,"column":54},"end":{"line":50,"column":70}}},"3":{"name":"(anonymous_3)","line":52,"loc":{"start":{"line":52,"column":58},"end":{"line":52,"column":74}}}},"statementMap":{"1":{"start":{"line":7,"column":0},"end":{"line":11,"column":32}},"2":{"start":{"line":13,"column":0},"end":{"line":25,"column":22}},"3":{"start":{"line":27,"column":0},"end":{"line":30,"column":1}},"4":{"start":{"line":28,"column":1},"end":{"line":28,"column":16}},"5":{"start":{"line":29,"column":1},"end":{"line":29,"column":16}},"6":{"start":{"line":33,"column":0},"end":{"line":33,"column":56}},"7":{"start":{"line":35,"column":0},"end":{"line":46,"column":24}},"8":{"start":{"line":48,"column":0},"end":{"line":58,"column":3}},"9":{"start":{"line":49,"column":1},"end":{"line":55,"column":2}},"10":{"start":{"line":50,"column":2},"end":{"line":50,"column":103}},"11":{"start":{"line":50,"column":72},"end":{"line":50,"column":99}},"12":{"start":{"line":52,"column":2},"end":{"line":54,"column":5}},"13":{"start":{"line":53,"column":3},"end":{"line":53,"column":31}},"14":{"start":{"line":56,"column":1},"end":{"line":56,"column":81}},"15":{"start":{"line":57,"column":1},"end":{"line":57,"column":23}}},"branchMap":{"1":{"line":27,"type":"if","locations":[{"start":{"line":27,"column":0},"end":{"line":27,"column":0}},{"start":{"line":27,"column":0},"end":{"line":27,"column":0}}]},"2":{"line":33,"type":"binary-expr","locations":[{"start":{"line":33,"column":15},"end":{"line":33,"column":27}},{"start":{"line":33,"column":31},"end":{"line":33,"column":55}}]},"3":{"line":49,"type":"if","locations":[{"start":{"line":49,"column":1},"end":{"line":49,"column":1}},{"start":{"line":49,"column":1},"end":{"line":49,"column":1}}]},"4":{"line":50,"type":"binary-expr","locations":[{"start":{"line":50,"column":3},"end":{"line":50,"column":14}},{"start":{"line":50,"column":18},"end":{"line":50,"column":32}}]}},"code":["/**"," * tio2 will run tests written as normal mocha specs in a Titanium app."," * these tests then are run on device or simulator and collected and sent back to the CLI."," *"," * See LICENSE for information and copyright."," */","const","\tappc = require('node-appc'),","\tcolors = require('colors'),","\tlongjohn = require('longjohn'),","\tprogram = require('commander');","","program","\t.version(require('../package.json').version)","\t.usage('[options] <test_dir> [<suite> <suite> ...]')","\t.option('-q, --quiet', 'no build logging')","\t.option('-s, --sdk [ver]', 'the Titanium SDK to use')","\t.option('-p, --platform [name]', 'platform such as ios, android, etc')","\t.option('-c, --count [count]', 'number of iterations to sample for each test case')","\t.option('-g, --grep [expr]', 'run regular expression on each test to filter specific tests to execute')","\t.option('-t, --target [target]', 'target either device or simulator (default)')","\t.option('-i, --ios-version [ver]', 'the iOS version to build with')","\t.option('-l, --log-level [level]', 'set the log-level for logging. defaults to info')","\t.option('-j, --json', 'output as json')","\t.parse(process.argv);","","if (program.args.length < 1) {","\tprogram.help();","\tprocess.exit();","}","","// turn grep into a regular expression","program.grep = program.grep && new RegExp(program.grep);","","var runner = new (require('./runner'))({","\t\ttestDir: program.args[0],","\t\tsuites: program.args.slice(1),","\t\tsdk: program.sdk,","\t\titerations: program.count,","\t\tlogLevel: program.logLevel,","\t\tplatform: program.platform,","\t\tquiet: program.quiet,","\t\ttarget: program.target,","\t\tiosVersion: program.iosVersion","\t}),","\tstartTime = Date.now();","","runner.go(function (err, results) {","\tif (err) {","\t\t(err.message || err.toString()).split('\\n').forEach(function (line) { logger['tio2-error'](line); });","\t} else {","\t\tJSON.stringify(results, null, '\\t').split('\\n').forEach(function (line) {","\t\t\tlogger['tio2-result'](line);","\t\t});","\t}","\tlogger.tio2('Finished in %s', appc.time.prettyDiff(startTime, Date.now()).cyan);","\tprocess.exit(~~!!err);","});"],"l":{"7":2,"13":2,"27":2,"28":2,"29":2,"33":2,"35":2,"48":0,"49":0,"50":0,"52":0,"53":0,"56":0,"57":0}},"/home/travis/build/npmtest/node-npmtest-tio2/node_modules/tio2/lib/runner.js":{"path":"/home/travis/build/npmtest/node-npmtest-tio2/node_modules/tio2/lib/runner.js","s":{"1":4,"2":0,"3":0,"4":1,"5":0,"6":0,"7":0,"8":0,"9":0,"10":0,"11":0,"12":0,"13":0,"14":0,"15":0,"16":0,"17":0,"18":0,"19":0,"20":0,"21":0,"22":0,"23":0,"24":0,"25":0,"26":0,"27":0,"28":0,"29":0,"30":0,"31":0,"32":0,"33":0,"34":0,"35":0,"36":0,"37":0,"38":0,"39":0,"40":0,"41":0,"42":0,"43":0,"44":0,"45":0,"46":0,"47":0,"48":0,"49":0,"50":0,"51":0,"52":0,"53":0,"54":0,"55":0,"56":0,"57":0,"58":0,"59":0,"60":0,"61":0,"62":0,"63":0,"64":0,"65":0,"66":0,"67":0,"68":0,"69":0,"70":0,"71":0,"72":0,"73":0,"74":0,"75":0,"76":0,"77":0,"78":0,"79":0,"80":0,"81":0,"82":0,"83":0,"84":0,"85":0,"86":0,"87":0,"88":0,"89":0},"b":{"1":[0,0],"2":[0,0],"3":[0,0],"4":[0,0],"5":[0,0],"6":[0,0],"7":[0,0],"8":[0,0],"9":[0,0],"10":[0,0],"11":[0,0],"12":[0,0],"13":[0,0],"14":[0,0],"15":[0,0],"16":[0,0],"17":[0,0],"18":[0,0],"19":[0,0],"20":[0,0],"21":[0,0],"22":[0,0,0,0],"23":[0,0],"24":[0,0],"25":[0,0],"26":[0,0]},"f":{"1":0,"2":0,"3":0,"4":0,"5":0,"6":0,"7":0,"8":0,"9":0,"10":0,"11":0,"12":0,"13":0,"14":0,"15":0,"16":0,"17":0,"18":0},"fnMap":{"1":{"name":"Runner","line":51,"loc":{"start":{"line":51,"column":0},"end":{"line":51,"column":22}}},"2":{"name":"(anonymous_2)","line":65,"loc":{"start":{"line":65,"column":47},"end":{"line":65,"column":60}}},"3":{"name":"(anonymous_3)","line":65,"loc":{"start":{"line":65,"column":81},"end":{"line":65,"column":94}}},"4":{"name":"go","line":86,"loc":{"start":{"line":86,"column":22},"end":{"line":86,"column":44}}},"5":{"name":"(anonymous_5)","line":94,"loc":{"start":{"line":94,"column":4},"end":{"line":94,"column":19}}},"6":{"name":"(anonymous_6)","line":103,"loc":{"start":{"line":103,"column":22},"end":{"line":103,"column":35}}},"7":{"name":"(anonymous_7)","line":106,"loc":{"start":{"line":106,"column":39},"end":{"line":106,"column":55}}},"8":{"name":"detectEnvironment","line":115,"loc":{"start":{"line":115,"column":37},"end":{"line":115,"column":66}}},"9":{"name":"validateEnvironment","line":185,"loc":{"start":{"line":185,"column":39},"end":{"line":185,"column":74}}},"10":{"name":"validateParams","line":198,"loc":{"start":{"line":198,"column":34},"end":{"line":198,"column":64}}},"11":{"name":"validateTestDir","line":205,"loc":{"start":{"line":205,"column":35},"end":{"line":205,"column":66}}},"12":{"name":"loadSuites","line":232,"loc":{"start":{"line":232,"column":30},"end":{"line":232,"column":52}}},"13":{"name":"(anonymous_13)","line":233,"loc":{"start":{"line":233,"column":40},"end":{"line":233,"column":56}}},"14":{"name":"(anonymous_14)","line":245,"loc":{"start":{"line":245,"column":21},"end":{"line":245,"column":34}}},"15":{"name":"runSuites","line":251,"loc":{"start":{"line":251,"column":29},"end":{"line":251,"column":54}}},"16":{"name":"runSuite","line":256,"loc":{"start":{"line":256,"column":31},"end":{"line":256,"column":60}}},"17":{"name":"(anonymous_17)","line":259,"loc":{"start":{"line":259,"column":12},"end":{"line":259,"column":36}}},"18":{"name":"(anonymous_18)","line":265,"loc":{"start":{"line":265,"column":63},"end":{"line":265,"column":79}}}},"statementMap":{"1":{"start":{"line":1,"column":0},"end":{"line":45,"column":162}},"2":{"start":{"line":47,"column":0},"end":{"line":47,"column":23}},"3":{"start":{"line":49,"column":0},"end":{"line":49,"column":24}},"4":{"start":{"line":51,"column":0},"end":{"line":84,"column":1}},"5":{"start":{"line":52,"column":1},"end":{"line":52,"column":21}},"6":{"start":{"line":55,"column":1},"end":{"line":57,"column":2}},"7":{"start":{"line":56,"column":2},"end":{"line":56,"column":42}},"8":{"start":{"line":58,"column":1},"end":{"line":60,"column":2}},"9":{"start":{"line":59,"column":2},"end":{"line":59,"column":50}},"10":{"start":{"line":62,"column":1},"end":{"line":62,"column":49}},"11":{"start":{"line":63,"column":1},"end":{"line":63,"column":54}},"12":{"start":{"line":64,"column":1},"end":{"line":64,"column":52}},"13":{"start":{"line":65,"column":1},"end":{"line":65,"column":130}},"14":{"start":{"line":65,"column":62},"end":{"line":65,"column":73}},"15":{"start":{"line":65,"column":96},"end":{"line":65,"column":126}},"16":{"start":{"line":66,"column":1},"end":{"line":66,"column":18}},"17":{"start":{"line":67,"column":1},"end":{"line":67,"column":23}},"18":{"start":{"line":69,"column":1},"end":{"line":72,"column":3}},"19":{"start":{"line":74,"column":1},"end":{"line":74,"column":68}},"20":{"start":{"line":75,"column":1},"end":{"line":75,"column":72}},"21":{"start":{"line":76,"column":1},"end":{"line":76,"column":67}},"22":{"start":{"line":78,"column":1},"end":{"line":78,"column":42}},"23":{"start":{"line":79,"column":1},"end":{"line":79,"column":53}},"24":{"start":{"line":80,"column":1},"end":{"line":80,"column":68}},"25":{"start":{"line":81,"column":1},"end":{"line":81,"column":43}},"26":{"start":{"line":82,"column":1},"end":{"line":82,"column":49}},"27":{"start":{"line":83,"column":1},"end":{"line":83,"column":40}},"28":{"start":{"line":86,"column":0},"end":{"line":113,"column":2}},"29":{"start":{"line":87,"column":1},"end":{"line":112,"column":4}},"30":{"start":{"line":96,"column":2},"end":{"line":96,"column":26}},"31":{"start":{"line":97,"column":2},"end":{"line":102,"column":5}},"32":{"start":{"line":103,"column":2},"end":{"line":105,"column":5}},"33":{"start":{"line":104,"column":3},"end":{"line":104,"column":70}},"34":{"start":{"line":106,"column":2},"end":{"line":108,"column":5}},"35":{"start":{"line":107,"column":3},"end":{"line":107,"column":21}},"36":{"start":{"line":109,"column":2},"end":{"line":109,"column":16}},"37":{"start":{"line":111,"column":2},"end":{"line":111,"column":64}},"38":{"start":{"line":115,"column":0},"end":{"line":183,"column":2}},"39":{"start":{"line":116,"column":1},"end":{"line":182,"column":4}},"40":{"start":{"line":185,"column":0},"end":{"line":196,"column":2}},"41":{"start":{"line":187,"column":1},"end":{"line":189,"column":2}},"42":{"start":{"line":188,"column":2},"end":{"line":188,"column":139}},"43":{"start":{"line":191,"column":1},"end":{"line":193,"column":2}},"44":{"start":{"line":192,"column":2},"end":{"line":192,"column":136}},"45":{"start":{"line":195,"column":1},"end":{"line":195,"column":8}},"46":{"start":{"line":198,"column":0},"end":{"line":203,"column":2}},"47":{"start":{"line":199,"column":1},"end":{"line":201,"column":2}},"48":{"start":{"line":200,"column":2},"end":{"line":200,"column":74}},"49":{"start":{"line":202,"column":1},"end":{"line":202,"column":8}},"50":{"start":{"line":205,"column":0},"end":{"line":230,"column":2}},"51":{"start":{"line":207,"column":1},"end":{"line":209,"column":2}},"52":{"start":{"line":208,"column":2},"end":{"line":208,"column":82}},"53":{"start":{"line":211,"column":1},"end":{"line":213,"column":2}},"54":{"start":{"line":212,"column":2},"end":{"line":212,"column":87}},"55":{"start":{"line":216,"column":1},"end":{"line":216,"column":68}},"56":{"start":{"line":217,"column":1},"end":{"line":222,"column":2}},"57":{"start":{"line":218,"column":2},"end":{"line":218,"column":61}},"58":{"start":{"line":219,"column":2},"end":{"line":221,"column":3}},"59":{"start":{"line":220,"column":3},"end":{"line":220,"column":109}},"60":{"start":{"line":225,"column":1},"end":{"line":227,"column":2}},"61":{"start":{"line":226,"column":2},"end":{"line":226,"column":92}},"62":{"start":{"line":229,"column":1},"end":{"line":229,"column":8}},"63":{"start":{"line":232,"column":0},"end":{"line":249,"column":2}},"64":{"start":{"line":233,"column":1},"end":{"line":243,"column":10}},"65":{"start":{"line":234,"column":2},"end":{"line":234,"column":44}},"66":{"start":{"line":235,"column":2},"end":{"line":242,"column":3}},"67":{"start":{"line":236,"column":3},"end":{"line":241,"column":4}},"68":{"start":{"line":237,"column":4},"end":{"line":237,"column":65}},"69":{"start":{"line":238,"column":4},"end":{"line":238,"column":49}},"70":{"start":{"line":240,"column":4},"end":{"line":240,"column":87}},"71":{"start":{"line":244,"column":1},"end":{"line":244,"column":141}},"72":{"start":{"line":245,"column":1},"end":{"line":247,"column":4}},"73":{"start":{"line":246,"column":2},"end":{"line":246,"column":34}},"74":{"start":{"line":248,"column":1},"end":{"line":248,"column":15}},"75":{"start":{"line":251,"column":0},"end":{"line":277,"column":2}},"76":{"start":{"line":252,"column":1},"end":{"line":254,"column":27}},"77":{"start":{"line":256,"column":1},"end":{"line":276,"column":10}},"78":{"start":{"line":257,"column":2},"end":{"line":257,"column":71}},"79":{"start":{"line":259,"column":2},"end":{"line":275,"column":5}},"80":{"start":{"line":260,"column":3},"end":{"line":260,"column":47}},"81":{"start":{"line":261,"column":3},"end":{"line":261,"column":47}},"82":{"start":{"line":263,"column":3},"end":{"line":270,"column":4}},"83":{"start":{"line":264,"column":4},"end":{"line":264,"column":85}},"84":{"start":{"line":265,"column":4},"end":{"line":267,"column":7}},"85":{"start":{"line":266,"column":5},"end":{"line":266,"column":32}},"86":{"start":{"line":269,"column":4},"end":{"line":269,"column":141}},"87":{"start":{"line":272,"column":3},"end":{"line":272,"column":45}},"88":{"start":{"line":273,"column":3},"end":{"line":273,"column":17}},"89":{"start":{"line":274,"column":3},"end":{"line":274,"column":8}}},"branchMap":{"1":{"line":52,"type":"binary-expr","locations":[{"start":{"line":52,"column":1},"end":{"line":52,"column":5}},{"start":{"line":52,"column":10},"end":{"line":52,"column":19}}]},"2":{"line":55,"type":"if","locations":[{"start":{"line":55,"column":1},"end":{"line":55,"column":1}},{"start":{"line":55,"column":1},"end":{"line":55,"column":1}}]},"3":{"line":58,"type":"if","locations":[{"start":{"line":58,"column":1},"end":{"line":58,"column":1}},{"start":{"line":58,"column":1},"end":{"line":58,"column":1}}]},"4":{"line":62,"type":"binary-expr","locations":[{"start":{"line":62,"column":29},"end":{"line":62,"column":41}},{"start":{"line":62,"column":45},"end":{"line":62,"column":47}}]},"5":{"line":65,"type":"binary-expr","locations":[{"start":{"line":65,"column":21},"end":{"line":65,"column":32}},{"start":{"line":65,"column":36},"end":{"line":65,"column":38}}]},"6":{"line":78,"type":"binary-expr","locations":[{"start":{"line":78,"column":19},"end":{"line":78,"column":27}},{"start":{"line":78,"column":31},"end":{"line":78,"column":41}}]},"7":{"line":79,"type":"binary-expr","locations":[{"start":{"line":79,"column":18},"end":{"line":79,"column":31}},{"start":{"line":79,"column":35},"end":{"line":79,"column":37}}]},"8":{"line":80,"type":"binary-expr","locations":[{"start":{"line":80,"column":1},"end":{"line":80,"column":40}},{"start":{"line":80,"column":45},"end":{"line":80,"column":66}}]},"9":{"line":81,"type":"binary-expr","locations":[{"start":{"line":81,"column":19},"end":{"line":81,"column":34}},{"start":{"line":81,"column":38},"end":{"line":81,"column":43}}]},"10":{"line":82,"type":"binary-expr","locations":[{"start":{"line":82,"column":16},"end":{"line":82,"column":27}},{"start":{"line":82,"column":31},"end":{"line":82,"column":33}}]},"11":{"line":83,"type":"binary-expr","locations":[{"start":{"line":83,"column":19},"end":{"line":83,"column":34}},{"start":{"line":83,"column":38},"end":{"line":83,"column":39}}]},"12":{"line":111,"type":"binary-expr","locations":[{"start":{"line":111,"column":2},"end":{"line":111,"column":32}},{"start":{"line":111,"column":36},"end":{"line":111,"column":63}}]},"13":{"line":187,"type":"if","locations":[{"start":{"line":187,"column":1},"end":{"line":187,"column":1}},{"start":{"line":187,"column":1},"end":{"line":187,"column":1}}]},"14":{"line":191,"type":"if","locations":[{"start":{"line":191,"column":1},"end":{"line":191,"column":1}},{"start":{"line":191,"column":1},"end":{"line":191,"column":1}}]},"15":{"line":199,"type":"if","locations":[{"start":{"line":199,"column":1},"end":{"line":199,"column":1}},{"start":{"line":199,"column":1},"end":{"line":199,"column":1}}]},"16":{"line":207,"type":"if","locations":[{"start":{"line":207,"column":1},"end":{"line":207,"column":1}},{"start":{"line":207,"column":1},"end":{"line":207,"column":1}}]},"17":{"line":211,"type":"if","locations":[{"start":{"line":211,"column":1},"end":{"line":211,"column":1}},{"start":{"line":211,"column":1},"end":{"line":211,"column":1}}]},"18":{"line":217,"type":"if","locations":[{"start":{"line":217,"column":1},"end":{"line":217,"column":1}},{"start":{"line":217,"column":1},"end":{"line":217,"column":1}}]},"19":{"line":219,"type":"if","locations":[{"start":{"line":219,"column":2},"end":{"line":219,"column":2}},{"start":{"line":219,"column":2},"end":{"line":219,"column":2}}]},"20":{"line":225,"type":"if","locations":[{"start":{"line":225,"column":1},"end":{"line":225,"column":1}},{"start":{"line":225,"column":1},"end":{"line":225,"column":1}}]},"21":{"line":235,"type":"if","locations":[{"start":{"line":235,"column":2},"end":{"line":235,"column":2}},{"start":{"line":235,"column":2},"end":{"line":235,"column":2}}]},"22":{"line":235,"type":"binary-expr","locations":[{"start":{"line":235,"column":6},"end":{"line":235,"column":36}},{"start":{"line":235,"column":40},"end":{"line":235,"column":62}},{"start":{"line":235,"column":67},"end":{"line":235,"column":96}},{"start":{"line":235,"column":100},"end":{"line":235,"column":150}}]},"23":{"line":236,"type":"if","locations":[{"start":{"line":236,"column":3},"end":{"line":236,"column":3}},{"start":{"line":236,"column":3},"end":{"line":236,"column":3}}]},"24":{"line":244,"type":"cond-expr","locations":[{"start":{"line":244,"column":40},"end":{"line":244,"column":76}},{"start":{"line":244,"column":79},"end":{"line":244,"column":139}}]},"25":{"line":263,"type":"if","locations":[{"start":{"line":263,"column":3},"end":{"line":263,"column":3}},{"start":{"line":263,"column":3},"end":{"line":263,"column":3}}]},"26":{"line":265,"type":"binary-expr","locations":[{"start":{"line":265,"column":5},"end":{"line":265,"column":16}},{"start":{"line":265,"column":20},"end":{"line":265,"column":34}}]}},"code":["const","\tappc = require('node-appc'),","\tasync = require('async'),","\tfs = require('fs'),","\tpath = require('path'),","\tsprintf = require('sprintf'),","\tSuite = require('./suite'),","\tTable = require('cli-table'),","\twinston = require('winston'),","\tdefaultLevels = winston.config.cli.levels,","\tlogger = new winston.Logger({","\t\tpadLevels: true,","\t\tlevels: appc.util.mix({","\t\t\t'tio2':         defaultLevels.info,","\t\t\t'tio2-result':  defaultLevels.info,","\t\t\t'tio2-debug':   defaultLevels.debug,","\t\t\t'tio2-info':    defaultLevels.info,","\t\t\t'tio2-warn':    defaultLevels.warn,","\t\t\t'tio2-error':   defaultLevels.error,","\t\t\t'tio2-trace':   defaultLevels.debug","\t\t}, defaultLevels),","\t\tcolors: {","\t\t\t'tio2':         'green',","\t\t\t'tio2-result':  'grey',","\t\t\t'tio2-debug':   'magenta',","\t\t\t'tio2-info':    'green',","\t\t\t'tio2-warn':    'yellow',","\t\t\t'tio2-error':   'red',","\t\t\t'tio2-trace':   'grey'","\t\t},","\t\ttransports: [","\t\t\tnew winston.transports.Console({","\t\t\t\tlevel: 'info',","\t\t\t\tcolorize: true,","\t\t\t\ttimestamp: true","\t\t\t}),","\t\t\tnew (require('./json-logger'))({","\t\t\t\tlevel: 'debug',","\t\t\t\tcolorize: false,","\t\t\t\ttimestamp: true","\t\t\t})","\t\t]","\t}),","\tignoreDirs = /^(\\.svn|_svn|\\.git|\\.hg|\\.?[Cc][Vv][Ss]|\\.bzr|\\$RECYCLE\\.BIN)$/,","\tignoreFiles = /^(\\.gitignore|\\.npmignore|\\.cvsignore|\\.DS_Store|\\._.*|[Tt]humbs.db|\\.vspscc|\\.vssscc|\\.sublime-project|\\.sublime-workspace|\\.project|\\.tmproj)$/;","","global.logger = logger;","","module.exports = Runner;","","function Runner(opts) {","\topts || (opts = {});","","\t// init the logger","\tif (opts.quiet) {","\t\tlogger.transports.console.silent = true;","\t}","\tif (opts.logLevel) {","\t\tlogger.transports.console.level = opts.logLevel;","\t}","","\tthis.testDir = path.resolve(opts.testDir || '');","\tthis.harnessDir = path.join(this.testDir, 'harness');","\tthis.suitesDir = path.join(this.testDir, 'suites');","\tthis.suiteFilter = (opts.suites || []).filter(function (s) { return !!s; }).map(function (s) { return s.trim().toLowerCase(); });","\tthis.suites = [];","\tthis.maxSuiteName = 0;","","\tthis.results = {","\t\tsummary: { passed: 0, failed: 0 },","\t\tsuites: {}","\t};","","\tvar nodeModulesDir = path.resolve(__dirname, '..', 'node_modules');","\tthis.timocha = path.resolve(nodeModulesDir, 'ti-mocha', 'ti-mocha.js');","\tthis.should = path.resolve(nodeModulesDir, 'should', 'should.js');","","\tthis.sdkVersion = opts.sdk || '3.3.0.GA';","\tthis.platform = (opts.platform || '').toLowerCase();","\t/^(?:iphone|ipad)$/.test(this.platform) && (this.platform = 'ios');","\tthis.iosVersion = opts.iosVersion || '7.1'","\tthis.target = (opts.target || '').toLowerCase();","\tthis.iterations = opts.iterations || 1;","}","","Runner.prototype.go = function go(callback) {","\tappc.async.series(this, [","\t\t'detectEnvironment',","\t\t'validateEnvironment',","\t\t'validateParams',","\t\t'validateTestDir',","\t\t'loadSuites',","\t\t'runSuites',","\t], function (err) {","\t\t// print summary","\t\tlogger.tio2('Summary:');","\t\tvar table = new Table({","\t\t\tstyle: {","\t\t\t\thead: ['cyan']","\t\t\t},","\t\t\thead: ['Suite', 'Passed', 'Failed']","\t\t});","\t\tthis.suites.forEach(function (s) {","\t\t\ttable.push([s.name, String(s.passed).green, String(s.failed).red]);","\t\t});","\t\ttable.toString().split('\\n').forEach(function (line) {","\t\t\tlogger.tio2(line);","\t\t});","\t\tlogger.tio2();","","\t\ttypeof callback === 'function' && callback(err, this.results);","\t});","};","","Runner.prototype.detectEnvironment = function detectEnvironment() {","\tappc.util.mix(this.results, {","\t\t'os': {","\t\t\t'name': 'Mac OS X',","\t\t\t'platform': 'osx',","\t\t\t'version': '10.9.3',","\t\t\t'architecture': '64bit',","\t\t\t'numcpus': 8,","\t\t\t'memory': 17179869184","\t\t},","\t\t'node': {","\t\t\t'version': '0.10.29'","\t\t},","\t\t'titanium': {","\t\t\t'3.4.0': {","\t\t\t\t'version': '3.4.0',","\t\t\t\t'path': '/Users/chris/Library/Application Support/Titanium/mobilesdk/osx/3.4.0',","\t\t\t\t'platforms': [ 'android', 'iphone', 'mobileweb' ],","\t\t\t\t'githash': 'ee98234',","\t\t\t\t'timestamp': '06/13/14 16:07',","\t\t\t\t'nodeAppcVer': '0.2.11'","\t\t\t}","\t\t},","\t\t'jdk': {","\t\t\t'version': '1.6.0',","\t\t\t'build': 65,","\t\t\t'architecture': '64bit',","\t\t},","\t\t'titaniumCLI': {","\t\t\t'version': '3.3.0-dev',","\t\t\t'nodeAppcVer': '0.2.6',","\t\t\t'selectedSDK': '3.4.0'","\t\t},","\t\t'xcode': {","\t\t\t'5.0.2:5A3005': {","\t\t\t\t'path': '/Applications/Xcode-5.0.2.app/Contents/Developer',","\t\t\t\t'selected': false,","\t\t\t\t'version': '5.0.2',","\t\t\t\t'build': '5A3005',","\t\t\t\t'sdks': [ '7.0.3' ],","\t\t\t\t'sims': [ '6.1', '7.0.3' ]","\t\t\t},","\t\t\t'5.1.1:5B1008': {","\t\t\t\t'path': '/Applications/Xcode-5.1.1.app/Contents/Developer',","\t\t\t\t'selected': true,","\t\t\t\t'version': '5.1.1',","\t\t\t\t'build': '5B1008',","\t\t\t\t'sdks': [ '7.1' ],","\t\t\t\t'sims': [ '6.1', '7.0.3', '7.1' ]","\t\t\t}","\t\t},","\t\t'devices': [","\t\t\t{","\t\t\t\t'udid': 'd4fa1bddc406d1bda71b6adbd49c454b13f2e772',","\t\t\t\t'name': 'Big Black',","\t\t\t\t'buildVersion': '10B350',","\t\t\t\t'cpuArchitecture': 'armv7s',","\t\t\t\t'deviceClass': 'iPhone',","\t\t\t\t'deviceColor': 'black',","\t\t\t\t'hardwareModel': 'N41AP',","\t\t\t\t'modelNumber': 'MD636',","\t\t\t\t'productType': 'iPhone5,1',","\t\t\t\t'productVersion': '6.1.4',","\t\t\t\t'serialNumber': 'F2LJF8GSDTTQ',","\t\t\t\t'id': 'd4fa1bddc406d1bda71b6adbd49c454b13f2e772'","\t\t\t}","\t\t]","\t});","};","","Runner.prototype.validateEnvironment = function validateEnvironment(next) {","\t// we are going to inject these modules into generated source","\tif (!fs.existsSync(this.timocha)) {","\t\treturn next(new Error(sprintf(\"Couldn't find dependency 'ti-mocha': %s\", this.timocha.cyan) + '\\nDid you forget to run \"npm install\"?'));","\t}","","\tif (!fs.existsSync(this.should)) {","\t\treturn next(new Error(sprintf(\"Couldn't find dependency 'should': %s\", this.should.cyan) + '\\nDid you forget to run \"npm install\"?'));","\t}","","\tnext();","};","","Runner.prototype.validateParams = function validateParams(next) {","\tif (!this.platform) {","\t\treturn next(new Error(sprintf('Missing %s', '--platform <name>'.cyan)));","\t}","\tnext();","};","","Runner.prototype.validateTestDir = function validateTestDir(next) {","\t// make sure the project directory passed in is valid","\tif (!fs.existsSync(this.testDir)) {","\t\treturn next(new Error(sprintf(\"Couldn't find tests at %s\", this.testDir.cyan)));","\t}","","\tif (!fs.existsSync(this.harnessDir)) {","\t\treturn next(new Error(sprintf(\"Couldn't find harness at %s\", this.harnessDir.cyan)));","\t}","","\t// make sure this is a Ti project","\tvar harnessTiappPath = path.join(this.harnessDir, 'tiapp.xml.ejs');","\tif (!fs.existsSync(harnessTiappPath)) {","\t\tharnessTiappPath = path.join(this.harnessDir, 'tiapp.xml');","\t\tif (!fs.existsSync(harnessTiappPath)) {","\t\t\treturn next(new Error(sprintf(\"Invalid Titanium project; Couldn't find %s\", this.harnessTiappPath.cyan)));","\t\t}","\t}","","\t// make sure the suites folder exists","\tif (!fs.existsSync(this.suitesDir)) {","\t\treturn next(new Error(sprintf(\"Couldn't find suites folder at %s\", this.suitesDir.cyan)));","\t}","","\tnext();","};","","Runner.prototype.loadSuites = function loadSuites() {","\tfs.readdirSync(this.suitesDir).forEach(function (name) {","\t\tvar dir = path.join(this.suitesDir, name);","\t\tif (fs.statSync(dir).isDirectory() && !ignoreDirs.test(name) && (this.suiteFilter.length === 0 || this.suiteFilter.indexOf(name.toLowerCase()) != -1)) {","\t\t\tif (fs.existsSync(path.join(dir, 'app.js'))) {","\t\t\t\tthis.maxSuiteName = Math.max(this.maxSuiteName, name.length);","\t\t\t\tthis.suites.push(new Suite(name, dir, this));","\t\t\t} else {","\t\t\t\tlogger['tio2-warn'](sprintf('Suite \"%s\" does not have an app.js, skipping', name));","\t\t\t}","\t\t}","\t}, this);","\tlogger.tio2(this.suites.length === 1 ? 'Found ' + '1'.cyan + ' test suite:' : 'Found ' + String(this.suites.length).cyan + ' test suites:');","\tthis.suites.forEach(function (s) {","\t\tlogger.tio2('  ' + s.name.cyan);","\t});","\tlogger.tio2(); // add a little whitespace","};","","Runner.prototype.runSuites = function runSuites(next) {","\tvar self = this,","\t\ti = 1,","\t\tlen = this.suites.length;","","\tasync.eachSeries(this.suites, function runSuite(suite, cb) {","\t\tlogger.tio2('Running suite %d of %d: %s', i++, len, suite.name.cyan);","","\t\tsuite.run(function (err, results) {","\t\t\tself.results.summary.passed += suite.passed;","\t\t\tself.results.summary.failed += suite.failed;","","\t\t\tif (err) {","\t\t\t\tlogger['tio2-error'](sprintf('Suite %s finished with errors:', suite.name.cyan));","\t\t\t\t(err.message || err.toString()).trim().split('\\n').forEach(function (line) {","\t\t\t\t\tlogger['tio2-error'](line);","\t\t\t\t});","\t\t\t} else {","\t\t\t\tlogger.tio2('Suite %s finished successfully  %s  %s', suite.name.cyan, (suite.passed + ' passed').green, (suite.failed + ' failed').red);","\t\t\t}","","\t\t\tself.results.suites[suite.name] = results;","\t\t\tlogger.tio2(); // add a little whitespace","\t\t\tcb();","\t\t});","\t}, next);","};"],"l":{"1":4,"47":0,"49":0,"51":1,"52":0,"55":0,"56":0,"58":0,"59":0,"62":0,"63":0,"64":0,"65":0,"66":0,"67":0,"69":0,"74":0,"75":0,"76":0,"78":0,"79":0,"80":0,"81":0,"82":0,"83":0,"86":0,"87":0,"96":0,"97":0,"103":0,"104":0,"106":0,"107":0,"109":0,"111":0,"115":0,"116":0,"185":0,"187":0,"188":0,"191":0,"192":0,"195":0,"198":0,"199":0,"200":0,"202":0,"205":0,"207":0,"208":0,"211":0,"212":0,"216":0,"217":0,"2
[...]
that we'll mark to be excluded from being wrapped","\t\t\t\tvar ref = node.args[0].thedef.init;","\t\t\t\twhile (ref && ref instanceof UglifyJS.AST_SymbolRef) {","\t\t\t\t\tref = ref.thedef.init;","\t\t\t\t}","\t\t\t\tref && ref instanceof UglifyJS.AST_Function && shouldRefs.push(ref);","\t\t\t}","","\t\t\t// add the node to a stack so we can determine if we're in an it() or should() call","\t\t\tstack.push(node);","\t\t\tdescend(node, this);","\t\t\tstack.pop();","","\t\t\treturn node;","\t\t}));","","\t// for each function we found, if it's not in the exclusion shouldRefs, then wrap the contents in a try/catch","\tfunctionsToWrap.forEach(function (fn) {","\t\tif (shouldRefs.indexOf(fn.node) === -1) {","\t\t\tfn.node.body = [","\t\t\t\tnew UglifyJS.AST_Try({","\t\t\t\t\tbody: fn.node.body,","\t\t\t\t\tbcatch: new UglifyJS.AST_Catch({","\t\t\t\t\t\targname: new UglifyJS.AST_SymbolCatch({","\t\t\t\t\t\t\tname: '$ex'","\t\t\t\t\t\t}),","\t\t\t\t\t\tbody: [","\t\t\t\t\t\t\tnew UglifyJS.AST_SimpleStatement({","\t\t\t\t\t\t\t\tbody: new UglifyJS.AST_Call({","\t\t\t\t\t\t\t\t\targs: [","\t\t\t\t\t\t\t\t\t\tnew UglifyJS.AST_SymbolRef({","\t\t\t\t\t\t\t\t\t\t\tname: '$ex'","\t\t\t\t\t\t\t\t\t\t})","\t\t\t\t\t\t\t\t\t],","\t\t\t\t\t\t\t\t\texpression: new UglifyJS.AST_SymbolRef({","\t\t\t\t\t\t\t\t\t\tname: fn.callback","\t\t\t\t\t\t\t\t\t})","\t\t\t\t\t\t\t\t})","\t\t\t\t\t\t\t})","\t\t\t\t\t\t]","\t\t\t\t\t})","\t\t\t\t})","\t\t\t];","\t\t}","\t});","","\t// second, inject the suite ast into the template ast","\tvar injected = false,","\t\tappjsAST = UglifyJS.parse(this.appjsTemplate, {","\t\t\t\tfilename: 'harness_app.js'","\t\t\t}).transform(new UglifyJS.TreeTransformer(function (node, descend) {","\t\t\t\tif (injected) return node;","","\t\t\t\tif (node instanceof UglifyJS.AST_SimpleStatement && node.body.value === 'tests go here') {","\t\t\t\t\t// we found our insertion node!","\t\t\t\t\tinjected = true;","\t\t\t\t\treturn appjsSuiteAST;","\t\t\t\t}","","\t\t\t\tdescend(node, this);","\t\t\t\treturn node;","\t\t\t}));","","\tthis.injected = injected;","","\tvar sourceMap = this.sourceMap = UglifyJS.SourceMap({","\t\t\tfile: 'app.js',","\t\t\torig: null,","\t\t\troot: null","\t\t}),","\t\tstream = UglifyJS.OutputStream({","\t\t\tbeautify: true,","\t\t\tscrew_ie8: true,","\t\t\tsource_map: sourceMap","\t\t});","","\tsourceMap.get().setSourceContent('harness_app.js', this.appjsTemplate);","\tsourceMap.get().setSourceContent('app.js', appjsContents);","","\tappjsAST.print(stream);","","\tfs.existsSync(dest) && fs.unlinkSync(dest);","","\t// render the custom app.js template","\tlogger.tio2('Writing new app.js: %s', dest.cyan);","\tthis.appjs = stream.toString();","\tfs.writeFileSync(dest, this.appjs);","};","","Suite.prototype.buildApp = function buildApp(next) {","\tvar args = [","\t\t'--no-colors',","\t\t'--no-progress-bars',","\t\t'--no-banner',","\t\t'--no-prompt',","\t\t'--log-level', 'trace'","\t];","","\tthis.tiapp.sdkVersion && args.push('--sdk', this.tiapp.sdkVersion);","","\targs.push(","\t\t'build',","\t\t'--project-dir',","\t\tthis.buildDir,","\t\t'--build-only',","\t\t'--platform',","\t\tthis.platform","\t);","","\tthis.target && args.push('--target', this.target);","","\tappc.async.series(this, [","\t\tfunction (cb) {","\t\t\t// add iOS args","\t\t\tif (this.platform !== 'ios') return cb();","","\t\t\tthis.iosVersion && args.push('--ios-version', this.iosVersion);","","\t\t\tif (this.target !== 'device') {","\t\t\t\treturn cb();","\t\t\t}","","\t\t\t// find us a device","\t\t\tioslib.device.detect(function (err, deviceResults) {","\t\t\t\tif (!deviceResults.devices.length) {","\t\t\t\t\t// no devices connected","\t\t\t\t\treturn done(new Error('No iOS devices connected'));","\t\t\t\t}","","\t\t\t\tioslib.certs.detect(function (err, certResults) {","\t\t\t\t\tvar certs = [];","\t\t\t\t\tObject.keys(certResults.certs.keychains).forEach(function (keychain) {","\t\t\t\t\t\tvar types = certResults.certs.keychains[keychain];","\t\t\t\t\t\tObject.keys(types).forEach(function (type) {","\t\t\t\t\t\t\tcerts = certs.concat(types[type]);","\t\t\t\t\t\t});","\t\t\t\t\t});","","\t\t\t\t\tif (!certs.length) {","\t\t\t\t\t\treturn cb(new Error('No iOS certificates'));","\t\t\t\t\t}","","\t\t\t\t\t// find us a provisioning profile","\t\t\t\t\tioslib.provisioning.find({","\t\t\t\t\t\tappId: this.tiapp.id,","\t\t\t\t\t\tcerts: certs,","\t\t\t\t\t\tdevicesUDIDs: deviceResults.devices.map(function (device) { return device.udid; })","\t\t\t\t\t}, function (err, profiles) {","\t\t\t\t\t\tif (err || !profiles.length) {","\t\t\t\t\t\t\treturn cb(new Error('No provisioning profiles found'));","\t\t\t\t\t\t}","","\t\t\t\t\t\tvar profile = profiles.shift(),","\t\t\t\t\t\t\tdeviceUDID = deviceResults.devices.filter(function (device) { return profile.devices.indexOf(device.udid) !== -1; }).shift().udid,","\t\t\t\t\t\t\tcertName = certs.filter(function (cert) {","\t\t\t\t\t\t\t\tvar prefix = cert.pem.replace(/^-----BEGIN CERTIFICATE-----\\n/, '').substring(0, 60);","\t\t\t\t\t\t\t\treturn profile.certs.some(function (pc) {","\t\t\t\t\t\t\t\t\treturn pc.indexOf(prefix) === 0;","\t\t\t\t\t\t\t\t});","\t\t\t\t\t\t\t}).shift().name;","","\t\t\t\t\t\targs.push(","\t\t\t\t\t\t\t'--developer-name', certName.replace('iPhone Developer: ', ''),","\t\t\t\t\t\t\t'--pp-uuid', profile.udid,","\t\t\t\t\t\t\t'--device-id', deviceUDID","\t\t\t\t\t\t);","\t\t\t\t\t});","\t\t\t\t\tcb(err);","\t\t\t\t});","\t\t\t});","\t\t}","\t], function (err) {","\t\tif (err) return next(err);","","\t\tlogger.tio2('Executing: %s', ('titanium \"' + args.join('\" \"') + '\"').cyan);","","\t\tvar child = spawn('titanium', args);","","\t\tchild.stdout.on('data', function (data) {","\t\t\tlogger['tio2-trace'](data.toString().trim());","\t\t});","","\t\tchild.stderr.on('data', function (data) {","\t\t\tlogger['tio2-trace'](data.toString().trim());","\t\t});","","\t\tchild.on('close', function (code) {","\t\t\tthis.appDir = path.join(this.buildDir, 'build', 'iphone', 'build', 'Debug-' + (this.target === 'device' ? 'iphoneos' : 'iphonesimulator'), this.tiapp.name + '.app');","\t\t\tnext(code);","\t\t}.bind(this));","\t});","};","","Suite.prototype.runApp = function runApp(next) {","\tlogger.tio2('Running app');","","\tvar self = this,","\t\ttarget = this.target,","\t\tinTiMochaResult = false,","\t\ttiMochaResults = [],","\t\tlogLevelRegExp = /^\\[\\w+\\]\\s*/;","","\tif (this.platform === 'ios') {","\t\ttarget || (target = 'simulator');","","\t\tif (!ioslib[target]) {","\t\t\treturn next(new Error(sprintf('Unsupported iOS target \"%s\"', target)));","\t\t}","","\t\tlogger.tio2('Launching iOS app on %s', target.cyan);","\t\tlogger['tio2-debug']('Build directory: %s', path.join(this.buildDir, 'build', 'iphone', 'build', 'Debug-' + (target === 'device' ? 'iphoneos' : 'iphonesimulator'), this.tiapp.name + '.app').cyan);","","\t\tif (target === 'simulator') {","\t\t\tvar simHandle,","\t\t\t\temitter;","","\t\t\tfunction watch(line) {","\t\t\t\tline = line.replace(logLevelRegExp, '');","\t\t\t\tif (line === '!TI_MOCHA_RESULTS_START!') {","\t\t\t\t\tinTiMochaResult = true;","\t\t\t\t} else if (inTiMochaResult && line === '!TI_MOCHA_RESULTS_STOP!') {","\t\t\t\t\temitter.removeListener('log', watch);","\t\t\t\t\temitter.removeListener('logFile', watch);","\t\t\t\t\tioslib.simulator.stop(simHandle, function () {","\t\t\t\t\t\ttry {","\t\t\t\t\t\t\tself.results = tiMochaResults.length ? JSON.parse(tiMochaResults.join('\\n').trim()) : {};","\t\t\t\t\t\t\tnext();","\t\t\t\t\t\t} catch (ex) {","\t\t\t\t\t\t\tnext(new Error('Results are not valid JSON'));","\t\t\t\t\t\t}","\t\t\t\t\t});","\t\t\t\t} else if (inTiMochaResult && line) {","\t\t\t\t\ttiMochaResults.push(line);","\t\t\t\t}","\t\t\t}","","\t\t\temitter = ioslib.simulator.launch(null, {","\t\t\t\t\tappPath: this.appDir,","\t\t\t\t\thide: true,","\t\t\t\t\tlogFilename: this.tiapp.guid + '.log',","\t\t\t\t\tsimVersion: '7.1'","\t\t\t\t})","\t\t\t\t.on('launched', function (sh) {","\t\t\t\t\tsimHandle = sh;","\t\t\t\t})","\t\t\t\t.on('log', watch)","\t\t\t\t.on('log-debug', function (msg) {","\t\t\t\t\tlogger['tio2-debug']('[ioslib] '.magenta + msg.replace(/(?:(\\[[^\\]]+\\]) )*/, function (m) { return m.magenta; }));","\t\t\t\t})","\t\t\t\t.on('log-file', watch);","","\t\t} else if (target === 'device') {","\t\t\t// TODO: device","\t\t}","\t\treturn;","\t}","","/*","\tif (this.platform === 'android') {","\t\tvar name = this.tiapp.name.charAt(0).toUpperCase() + this.tiapp.name.substring(1);","\t\ttarget || (target = 'emulator');","","\t\tlogger.tio2('Launching Android app on %s', target.cyan);","\t\tandroidlib[program.target].launch({","\t\t\tapk: path.join(buildDir, 'build', 'android', 'bin', name + '.apk'),","\t\t\tname: name,","\t\t\tappid: this.tiapp.id,","\t\t\ttarget: target,","\t\t\tunit: true,","\t\t\thide: true,","\t\t\tlogger: outputWatcher.bind(this),","\t\t\tcallback: finalize","\t\t});","\t\treturn;","\t}","*/","","\t// unsupported platform","\tnext(new Error(sprintf('Unsupported platform \"%s\"', this.platform)));","};","","Suite.prototype.processResults = function processResults() {","\tlogger.tio2('Processing results');","","\tvar results = this.results.results;","","\tif (!Array.isArray(results)) {","\t\treturn;","\t}","","\tvar sourceMappings = new SourceMap.SourceMapConsumer(this.sourceMap.toString()),","\t\tsources = {","\t\t\t'app.js': this.appjs.split('\\n')","\t\t};","","\tresults.forEach(function (r) {","\t\tif (r.state === 'passed') {","\t\t\tthis.passed++;","\t\t} else if (r.state === 'failed') {","\t\t\tthis.failed++;","","\t\t\t// fix up the exceptions if we injected the tests","\t\t\tif (this.injected && r.error && r.error.backtrace) {","\t\t\t\tvar bt = r.error.backtrace.split('\\n'),","\t\t\t\t\tbacktrace = [],","\t\t\t\t\ti = 0,","\t\t\t\t\tl = bt.length,","\t\t\t\t\tinfo,","\t\t\t\t\tdata,","\t\t\t\t\tfile,","\t\t\t\t\tpos;","","\t\t\t\tfor (; i < l; i++) {","\t\t\t\t\tinfo = bt[i].split(/\\s/).pop().match(/^(.*\\/(.*))\\:(\\d+)(?:,(\\d+))?$/);","\t\t\t\t\tif (info && (backtrace.length || info[2] !== 'should.js')) {","\t\t\t\t\t\tdata = {","\t\t\t\t\t\t\toriginal: bt[i],","\t\t\t\t\t\t\tfile: (this.appDir ? info[1].replace(this.appDir, '') : info[1]).replace(/^\\//, ''),","\t\t\t\t\t\t\tline: ~~info[3],","\t\t\t\t\t\t\tcolumn: info[4] ? ~~info[4] : null,","\t\t\t\t\t\t\tsource: null","\t\t\t\t\t\t};","\t\t\t\t\t\tif (!sources[data.file]) {","\t\t\t\t\t\t\tfile = path.join(this.buildResourcesDir, data.file);","\t\t\t\t\t\t\tif (fs.existsSync(file)) {","\t\t\t\t\t\t\t\tsources[data.file] = fs.readFileSync(file).toString();","\t\t\t\t\t\t\t}","\t\t\t\t\t\t}","\t\t\t\t\t\tif (sources[data.file]) {","\t\t\t\t\t\t\tpos = data.column ? sourceMappings.originalPositionFor({ line: data, column: data.column }) : null;","\t\t\t\t\t\t\tif (!pos || !pos.line) {","\t\t\t\t\t\t\t\t// no column or bad column, try again","\t\t\t\t\t\t\t\tif (line && (data.column = sources[data.file][data.line].match(/\\w/).index)) {","\t\t\t\t\t\t\t\t\tpos = sourceMappings.originalPositionFor(data);","\t\t\t\t\t\t\t\t}","\t\t\t\t\t\t\t}","\t\t\t\t\t\t\tif (pos && pos.line) {","\t\t\t\t\t\t\t\tdata.source = sources[data.file][pos.line];","\t\t\t\t\t\t\t}","\t\t\t\t\t\t}","\t\t\t\t\t\tbacktrace.push(data);","\t\t\t\t\t}","\t\t\t\t}","","\t\t\t\tr.error.backtrace = backtrace;","\t\t\t}","\t\t}","\t}, this);","};","","Suite.prototype.cleanup = function cleanup() {","\tlogger.tio2('Cleaning up');","\twrench.rmdirSyncRecursive(this.buildDir);","};","","function copyFileSync(from, to, rel) {","\tlogger['tio2-debug']('Copying %s => %s', (rel ? from.replace(rel, '').replace(/^\\/|\\\\/, '') : from).cyan, to.cyan);","","\tvar src = fs.openSync(from, 'r'),","\t\tdest = fs.openSync(to, 'w'),","\t\tbuffer = new Buffer(8096),","\t\tbytesRead,","\t\tposition = 0;","","\twhile (bytesRead = fs.readSync(src, buffer, 0, 8096, position)) {","\t\tfs.writeSync(dest, buffer, 0, bytesRead);","\t\tposition += bytesRead;","\t}","","\tfs.closeSync(src);","\tfs.closeSync(dest);","}","","function copyDirSync(src, dest, filter, rel) {","\tfs.existsSync(dest) || wrench.mkdirSyncRecursive(dest);","\tfs.existsSync(src) && fs.readdirSync(src).forEach(function (name) {","\t\tvar from = path.join(src, name),","\t\t\tto = path.join(dest, name);","\t\tif (fs.existsSync(from) && (!filter || filter.test(name))) {","\t\t\tif (fs.statSync(from).isDirectory()) {","\t\t\t\t// we only want to apply the filter to the root of the directory being copied... I think","\t\t\t\t!ignoreDirs.test(name) && copyDirSync(from, to, null, rel);","\t\t\t\t// !ignoreDirs.test(name) && copyDirSync(from, to, filter, rel);","\t\t\t} else if (!ignoreFiles.test(name)) {","\t\t\t\tcopyFileSync(from, to, rel);","\t\t\t}","\t\t}","\t});","}"],"l":{"1":6,"18":0,"20":1,"21":0,"22":0,"24":0,"25":0,"26":0,"27":0,"28":0,"29":0,"30":0,"31":0,"33":0,"34":0,"35":0,"36":0,"38":0,"39":0,"40":0,"42":0,"43":0,"46":0,"47":0,"59":0,"63":0,"64":0,"65":0,"66":0,"69":0,"72":0,"73":0,"74":0,"77":0,"80":0,"82":0,"85":0,"86":0,"89":0,"91":0,"92":0,"93":0,"94":0,"99":0,"100":0,"101":0,"102":0,"103":0,"106":0,"107":0,"109":0,"114":0,"115":0,"116":0,"119":0,"122":0,"123":0,"124":0,"125":0,"126":0,"127":0,"130":0,"133":0,"136":0,"137":0,"250":0,"251":0,"258":0,"260":0,"275":0,"276":0,"278":0,"279":0,"280":0,"281":0,"284":0,"285":0,"286":0,"287":0,"288":0,"292":0,"293":0,"297":0,"301":0,"303":0,"304":0,"305":0,"307":0,"311":0,"312":0,"313":0,"315":0,"319":0,"320":0,"321":0,"349":0,"353":0,"355":0,"357":0,"358":0,"361":0,"362":0,"365":0,"367":0,"378":0,"379":0,"381":0,"383":0,"386":0,"387":0,"388":0,"391":0,"392":0,"400":0,"402":0,"411":0,"413":0,"416":0,"418":0,"420":0,"421":0,"425":0,"426":0,"428":0,"431":0,"432":0,"433":0,"434":0,"435":0,"436":0,"440":0,"441":0,"445":0,"448":0,"450":0,"451":0,"454":0,"455":0,"457":0,"458":0,"459":0,"463":0,"469":0,"474":0,"476":0,"478":0,"480":0,"481":0,"484":0,"485":0,"488":0,"489":0,"490":0,"495":0,"496":0,"498":0,"504":0,"505":0,"507":0,"508":0,"511":0,"512":0,"514":0,"515":0,"518":1,"519":0,"520":0,"521":0,"522":0,"523":0,"524":0,"525":0,"526":0,"527":0,"528":0,"530":0,"533":0,"534":0,"538":0,"545":0,"549":0,"553":0,"556":0,"580":0,"583":0,"584":0,"586":0,"588":0,"589":0,"592":0,"597":0,"598":0,"599":0,"600":0,"601":0,"604":0,"605":0,"614":0,"615":0,"616":0,"617":0,"624":0,"625":0,"626":0,"627":0,"630":0,"631":0,"632":0,"634":0,"635":0,"638":0,"639":0,"642":0,"646":0,"652":0,"653":0,"654":0,"657":1,"658":0,"660":0,"666":0,"667":0,"668":0,"671":0,"672":0,"675":1,"676":0,"677":0,"678":0,"680":0,"681":0,"683":0,"685":0,"686":0}},"/home/travis/build/npmtest/node-npmtest-tio2/node_modules/tio2/lib/json-logger.js":{"path":"/home/travis/build/npmtest/node-npmtest-tio2/node_modules/tio2/lib/json-logger.js","s":{"1":1,"2":1,"3":1,"4":0,"5":0,"6":0,"7":0,"8":0,"9":0,"10":0,"11":0,"12":0,"13":0,"14":1,"15":1,"16":1,"17":0,"18":0,"19":0,"20":0,"21":0,"22":1,"23":0},"b":{"1":[0,0],"2":[0,0],"3":[0,0],"4":[0,0],"5":[0,0],"6":[0,0],"7":[0,0]},"f":{"1":0,"2":0,"3":0,"4":0},"fnMap":{"1":{"name":"JSONLogger","line":10,"loc":{"start":{"line":10,"column":0},"end":{"line":10,"column":29}}},"2":{"name":"(anonymous_2)","line":22,"loc":{"start":{"line":22,"column":39},"end":{"line":22,"column":54}}},"3":{"name":"log","line":31,"loc":{"start":{"line":31,"column":27},"end":{"line":31,"column":68}}},"4":{"name":"(anonymous_4)","line":53,"loc":{"start":{"line":53,"column":33},"end":{"line":53,"column":45}}}},"statementMap":{"1":{"start":{"line":1,"column":0},"end":{"line":6,"column":24}},"2":{"start":{"line":8,"column":0},"end":{"line":8,"column":28}},"3":{"start":{"line":10,"column":0},"end":{"line":25,"column":1}},"4":{"start":{"line":11,"column":1},"end":{"line":11,"column":31}},"5":{"start":{"line":12,"column":1},"end":{"line":12,"column":25}},"6":{"start":{"line":14,"column":1},"end":{"line":14,"column":18}},"7":{"start":{"line":16,"column":1},"end":{"line":16,"column":25}},"8":{"start":{"line":17,"column":1},"end":{"line":17,"column":49}},"9":{"start":{"line":18,"column":1},"end":{"line":18,"column":49}},"10":{"start":{"line":19,"column":1},"end":{"line":19,"column":89}},"11":{"start":{"line":20,"column":1},"end":{"line":20,"column":48}},"12":{"start":{"line":22,"column":1},"end":{"line":24,"column":3}},"13":{"start":{"line":23,"column":2},"end":{"line":23,"column":29}},"14":{"start":{"line":27,"column":0},"end":{"line":27,"column":37}},"15":{"start":{"line":29,"column":0},"end":{"line":29,"column":42}},"16":{"start":{"line":31,"column":0},"end":{"line":51,"column":2}},"17":{"start":{"line":32,"column":1},"end":{"line":34,"column":2}},"18":{"start":{"line":33,"column":2},"end":{"line":33,"column":30}},"19":{"start":{"line":36,"column":1},"end":{"line":47,"column":5}},"20":{"start":{"line":49,"column":1},"end":{"line":49,"column":21}},"21":{"start":{"line":50,"column":1},"end":{"line":50,"column":22}},"22":{"start":{"line":53,"column":0},"end":{"line":55,"column":2}},"23":{"start":{"line":54,"column":1},"end":{"line":54,"column":18}}},"branchMap":{"1":{"line":12,"type":"binary-expr","locations":[{"start":{"line":12,"column":11},"end":{"line":12,"column":18}},{"start":{"line":12,"column":22},"end":{"line":12,"column":24}}]},"2":{"line":17,"type":"binary-expr","locations":[{"start":{"line":17,"column":20},"end":{"line":17,"column":36}},{"start":{"line":17,"column":43},"end":{"line":17,"column":48}}]},"3":{"line":18,"type":"binary-expr","locations":[{"start":{"line":18,"column":20},"end":{"line":18,"column":39}},{"start":{"line":18,"column":43},"end":{"line":18,"column":48}}]},"4":{"line":19,"type":"cond-expr","locations":[{"start":{"line":19,"column":63},"end":{"line":19,"column":80}},{"start":{"line":19,"column":83},"end":{"line":19,"column":88}}]},"5":{"line":20,"type":"binary-expr","locations":[{"start":{"line":20,"column":20},"end":{"line":20,"column":33}},{"start":{"line":20,"column":43},"end":{"line":20,"column":47}}]},"6":{"line":22,"type":"binary-expr","locations":[{"start":{"line":22,"column":18},"end":{"line":22,"column":35}},{"start":{"line":22,"column":39},"end":{"line":24,"column":2}}]},"7":{"line":32,"type":"if","locations":[{"start":{"line":32,"column":1},"end":{"line":32,"column":1}},{"start":{"line":32,"column":1},"end":{"line":32,"column":1}}]}},"code":["const","\tpath = require('path'),","\tcommon = require(path.join(path.dirname(require.resolve('winston')), 'winston', 'common.js')),","\tevents = require('events'),","\tTransport = require('winston').Transport,","\tutil = require('util');","","module.exports = JSONLogger;","","function JSONLogger(options) {","\tTransport.call(this, options);","\toptions = options || {};","","\tthis.output = [];","","\tthis.json        = true;","\tthis.colorize    = options.colorize    || false;","\tthis.prettyPrint = options.prettyPrint || false;","\tthis.timestamp   = typeof options.timestamp !== 'undefined' ? options.timestamp : false;","\tthis.label       = options.label       || null;","","\tthis.stringify = options.stringify || function (obj) {","\t\treturn JSON.stringify(obj);","\t};","};","","util.inherits(JSONLogger, Transport);","","JSONLogger.prototype.name = 'json-logger';","","JSONLogger.prototype.log = function log(level, msg, meta, callback) {","\tif (this.silent) {","\t\treturn callback(null, true);","\t}","","\tthis.output.push(common.log({","\t\tcolorize:    this.colorize,","\t\tjson:        this.json,","\t\tlevel:       level,","\t\tmessage:     msg,","\t\tmeta:        meta,","\t\tstringify:   this.stringify,","\t\ttimestamp:   this.timestamp,","\t\tprettyPrint: this.prettyPrint,","\t\traw:         this.raw,","\t\tlabel:       this.label","\t}));","","\tthis.emit('logged');","\tcallback(null, true);","};","","JSONLogger.prototype.clearLogs = function () {","\tthis.output = [];","};"],"l":{"1":1,"8":1,"10":1,"11":0,"12":0,"14":0,"16":0,"17":0,"18":0,"19":0,"20":0,"22":0,"23":0,"27":1,"29":1,"31":1,"32":0,"33":0,"36":0,"49":0,"50":0,"53":1,"54":0}}}